<?xml version="1.0" encoding="utf-8"?><testsuites name="pytest tests"><testsuite name="pytest" errors="0" failures="0" skipped="2" tests="112" time="253.835" timestamp="2026-09-09T17:27:22.856600-04:00" hostname="Nikhils-MacBook-Pro.local"><testcase classname="tests.vnext.test_acceptance_contracts" name="test_runtime_integrity_3_retains_request_and_consumes_result_once" time="91.769" /><testcase classname="tests.vnext.test_workflow" name="test_resume_preserves_spending_and_retained_config" time="16.951" /><testcase classname="tests.vnext.test_harness_gateway" name="test_no_launch_restart_requires_new_epoch_and_effect" time="12.648" /><testcase classname="tests.vnext.test_workflow" name="test_missing_usage_is_unknown_not_zero" time="13.018" /><testcase classname="tests.vnext.test_adaptation" name="test_continual_refine_counter_replay_and_fresh_interpreter_purity" time="9.544" /><testcase classname="tests.vnext.test_harness" name="test_gateway_denies_hidden_calls_tools_options[compaction]" time="8.181" /><testcase classname="tests.vnext.test_harness" name="test_process_gateway_crash_boundaries[upstream-return-before-spool]" time="8.559" /><testcase classname="tests.vnext.test_harness" name="test_nondeterministic_decoder_preserves_incomplete" time="7.571" /><testcase classname="tests.vnext.test_harness" name="test_supervisor_consumes_gateway_result_once[return_recorded]" time="7.983" /><testcase classname="tests.vnext.test_harness" name="test_process_gateway_crash_boundaries[launch-retained]" time="8.149" /><testcase classname="tests.vnext.test_harness" name="test_gateway_denies_hidden_calls_tools_options[tools]" time="7.975" /><testcase classname="tests.vnext.test_harness" name="test_gateway_denies_hidden_calls_tools_options[billing]" time="7.898" /><testcase classname="tests.vnext.test_harness_gateway" name="test_harness_history_replays_in_fresh_pure_interpreter" time="7.453" /><testcase classname="tests.vnext.test_acceptance_contracts" name="test_runtime_integrity_1_candidate_and_fixture_harness_permissions" time="6.837" /><testcase classname="tests.vnext.test_harness" name="test_usage_uses_provider_receipt_not_harness_totals[partial]" time="6.621" /><testcase classname="tests.vnext.test_workflow" name="test_reporting_full_denominators_labels_and_trusted_only" time="3.316" /><testcase classname="tests.vnext.test_harness_gateway" name="test_denied_request_burns_capability_before_replacement" time="2.622" /><testcase classname="tests.vnext.test_benchmarks" name="test_user_batch_restart_uses_captured_generation_once" time="3.087" /><testcase classname="tests.vnext.test_harness_gateway" name="test_capability_stale_epoch_expiry_and_revocation" time="2.552" /><testcase classname="tests.vnext.test_tau2_rpc" name="test_adapter_rpc_keeps_implementation_and_store_in_child" time="2.631" /><testcase classname="tests.vnext.test_harness_gateway" name="test_strict_wire_protocol[{&quot;model&quot;:NaN}]" time="2.021" /><testcase classname="tests.vnext.test_benchmark_purity" name="test_completed_benchmark_replays_without_adapter_imports[receipt-False]" time="1.939" /><testcase classname="tests.vnext.test_benchmark_purity" name="test_completed_benchmark_replays_without_adapter_imports[state-False]" time="1.742" /><testcase classname="tests.vnext.test_benchmarks" name="test_state_supported_scoring[True-budget_exhausted-0]" time="1.463" /><testcase classname="tests.vnext.test_benchmarks" name="test_real_mutation_reconcile_and_operator_restore[agent]" time="1.330" /><testcase classname="tests.vnext.test_adaptation" name="test_refiner_crash_recovery_never_repeats_generation[return_recorded]" time="0.801" /><testcase classname="tests.vnext.test_adaptation" name="test_refiner_crash_recovery_never_repeats_generation[activated]" time="0.797" /><testcase classname="tests.vnext.test_adaptation" name="test_bounded_controller_handover_is_atomic[accepted]" time="0.715" /><testcase classname="tests.vnext.test_adaptation" name="test_validation_provenance_survives_summary_and_import" time="0.558" /><testcase classname="tests.vnext.test_benchmarks" name="test_transaction_crash_and_verified_lookup[after-commit]" time="0.561" /><testcase classname="tests.vnext.test_workflow" name="test_declared_runs_with_incomplete_setup_remain_in_report[directory]" time="0.467" /><testcase classname="tests.vnext.test_adaptation" name="test_refiner_policy_decisions[keep]" time="0.537" /><testcase classname="tests.vnext.test_live_inspection" name="test_live_follow_and_projector_use_verified_complete_prefix" time="0.535" /><testcase classname="tests.vnext.test_workflow" name="test_resolver_refuses_scientific_provider_conflicts[request_options-builtin:prices]" time="0.385" /><testcase classname="tests.vnext.test_runtime_sandbox" name="test_candidate_resource_limits[async function step(){await new Promise(r=&gt;setTimeout(r,10000));}-limits1-wall limit]" time="0.340" /><testcase classname="tests.vnext.test_benchmarks" name="test_scoped_admission_checks_every_request_dimension[bound]" time="0.336" /><testcase classname="tests.vnext.test_runtime" name="test_continuation_consumes_result_and_next_command_atomically" time="0.290" /><testcase classname="tests.vnext.test_runtime_sandbox" name="test_candidate_step_crash_boundaries[continuation]" time="0.307" /><testcase classname="tests.vnext.test_runtime_sandbox" name="test_candidate_step_crash_boundaries[accepted]" time="0.266" /><testcase classname="tests.vnext.test_adaptation" name="test_validation_operation_observation_does_not_become_development[B-True]" time="0.236" /><testcase classname="tests.vnext.test_benchmarks" name="test_synthetic_reward_components_preserve_upstream_rules[basis0-You have 1,000 MB-actions0-1]" time="0.208" /><testcase classname="tests.vnext.test_runtime_sandbox" name="test_candidate_cannot_access_host_authority_or_escape[storage]" time="0.174" /><testcase classname="tests.vnext.test_runtime_sandbox" name="test_candidate_cannot_access_host_authority_or_escape[network]" time="0.188" /><testcase classname="tests.vnext.test_runtime_sandbox" name="test_candidate_cannot_access_host_authority_or_escape[subprocess]" time="0.185" /><testcase classname="tests.vnext.test_runtime_sandbox" name="test_scoped_input_bytes_only_and_no_inherited_descriptors" time="0.193" /><testcase classname="tests.vnext.test_runtime" name="test_same_component_partial_measurement_replaces_reservation" time="0.154" /><testcase classname="tests.vnext.test_runtime" name="test_crash_and_recover_every_effect_boundary[external_return]" time="0.143" /><testcase classname="tests.vnext.test_runtime" name="test_crash_and_recover_every_effect_boundary[settled]" time="0.143" /><testcase classname="tests.vnext.test_runtime_sandbox" name="test_candidate_step_crash_boundaries[authorized]" time="0.122" /><testcase classname="tests.vnext.test_runtime" name="test_upstream_stage_crash_recovery[return_recorded]" time="0.125" /><testcase classname="tests.vnext.test_adaptation" name="test_invalid_proposal_rejected_without_activation[capability-capabilities]" time="0.118" /><testcase classname="tests.vnext.test_adaptation" name="test_invalid_proposal_rejected_without_activation[structure-structure]" time="0.116" /><testcase classname="tests.vnext.test_adaptation" name="test_refiner_must_match_retained_model_binding" time="0.107" /><testcase classname="tests.vnext.test_user_model" name="test_direct_user_gateway_recovery_no_repeat[upstream-return-before-spool-False-False]" time="0.106" /><testcase classname="tests.vnext.test_runtime" name="test_unsupported_ambiguity_retains_reservation_even_after_real_mutation" time="0.072" /><testcase classname="tests.vnext.test_runtime" name="test_crash_and_recover_every_effect_boundary[dispatch]" time="0.081" /><testcase classname="tests.vnext.test_runtime" name="test_durable_request_and_reservation_exist_inside_dispatch" time="0.068" /><testcase classname="tests.vnext.test_storage_verification" name="test_cas_content_deduplication_does_not_deduplicate_execution" time="0.042" /><testcase classname="tests.vnext.test_storage_verification" name="test_required_artifact_missing_or_corrupted_stops_reads_and_appends[corrupt]" time="0.040" /><testcase classname="tests.vnext.test_storage_verification" name="test_partial_usage_retains_unknown_obligation_through_consumption_and_late_receipt" time="0.031" /><testcase classname="tests.vnext.test_storage_verification" name="test_revision_continuity_and_controller_handover_boundary" time="0.023" /><testcase classname="tests.vnext.test_storage_verification" name="test_uncertain_outcome_keeps_reservations_and_cannot_be_consumed" time="0.020" /><testcase classname="tests.vnext.test_storage_verification" name="test_envelope_and_causation_fail_closed[epoch]" time="0.019" /><testcase classname="tests.vnext.test_storage_verification" name="test_committed_malformed_payload_is_not_treated_as_torn_tail" time="0.018" /><testcase classname="tests.vnext.test_runtime" name="test_broker_rejects_unauthorized_requests[scope]" time="0.013" /><testcase classname="tests.vnext.test_storage_verification" name="test_torn_final_frame_requires_explicit_recovery[11]" time="0.015" /><testcase classname="tests.vnext.test_storage_verification" name="test_torn_final_frame_requires_explicit_recovery[-8]" time="0.015" /><testcase classname="tests.vnext.test_storage_verification" name="test_inconsistent_reservation_settlement_rejected[wrong_overrun]" time="0.017" /><testcase classname="tests.vnext.test_benchmark_qualification" name="test_retained_closure_detects_altered_bytes[scorer]" time="0.016" /><testcase classname="tests.vnext.test_runtime" name="test_broker_rejects_unauthorized_requests[binding]" time="0.014" /><testcase classname="tests.vnext.test_storage_verification" name="test_payload_and_directory_fsync_precede_journal_commit" time="0.012" /><testcase classname="tests.vnext.test_runtime" name="test_every_limited_resource_is_admitted_before_dispatch[model_calls-11]" time="0.013" /><testcase classname="tests.vnext.test_storage_verification" name="test_cas_fsync_failure_never_commits_reference" time="0.018" /><testcase classname="tests.vnext.test_benchmark_qualification" name="test_connected_transitive_groups" time="0.007" /><testcase classname="tests.vnext.test_benchmark_qualification" name="test_qualification_hard_stops_with_exact_ids[unknown-0]" time="0.006" /><testcase classname="tests.vnext.test_benchmark_qualification" name="test_qualification_hard_stops_with_exact_ids[partition-0]" time="0.004" /><testcase classname="tests.vnext.test_benchmark_qualification" name="test_qualification_hard_stops_with_exact_ids[assertion-0]" time="0.006" /><testcase classname="tests.vnext.test_acceptance_contracts" name="test_runtime_integrity_1_confines_candidate_and_harness" time="0.001"><skipped type="pytest.xfail" message="Native harness isolation requires tested Seatbelt/container/VM gateway-only network and filesystem jail plus hard memory/storage limits; sandbox_apply is denied here. Candidate and Deno fixture harness permission probes pass." /></testcase><testcase classname="tests.vnext.test_storage_verification" name="test_old_artifact_roots_and_path_traversal_are_rejected" time="0.003" /><testcase classname="tests.vnext.test_acceptance_contracts" name="test_manifest_rejects_unknown_keys_in_every_core_table[recovery.&quot;model.generate&quot;]" time="0.001" /><testcase classname="tests.vnext.test_acceptance_contracts" name="test_manifest_refuses_unsafe_or_malformed_settings[schema = &quot;strive.run/1&quot;-schema = &quot;strive.run/2&quot;-schema]" time="0.000" /><testcase classname="tests.vnext.test_acceptance_contracts" name="test_manifest_refuses_unsafe_or_malformed_settings[session_policy = &quot;fresh&quot;-session_policy = &quot;resume&quot;-session_policy]" time="0.001" /><testcase classname="tests.vnext.test_acceptance_contracts" name="test_manifest_refuses_unsafe_or_malformed_settings[harness = &quot;opencode&quot;-harness = &quot;missing&quot;-unknown harness]" time="0.001" /><testcase classname="tests.vnext.test_acceptance_contracts" name="test_manifest_refuses_unsafe_or_malformed_settings[unknown_usage = &quot;retain_reservation&quot;-unknown_usage = &quot;zero&quot;-unknown_usage]" time="0.000" /><testcase classname="tests.vnext.test_acceptance_contracts" name="test_manifest_refuses_unsafe_or_malformed_settings[&quot;user_simulation&quot;, --missing enabled phases]" time="0.001" /><testcase classname="tests.vnext.test_manifest_validation" name="test_resolved_manifest_requires_suspend_capability_for_suspend_if_ambiguous" time="0.001" /><testcase classname="tests.vnext.test_manifest_validation" name="test_policy_parameters_require_the_pinned_validator_without_opening_core_tables" time="0.001" /><testcase classname="tests.vnext.test_manifest_validation" name="test_manifest_rejects_each_missing_required_key[run-capabilities]" time="0.000" /><testcase classname="tests.vnext.test_manifest_validation" name="test_manifest_rejects_each_missing_required_key[pins-initial_bundle]" time="0.000" /><testcase classname="tests.vnext.test_manifest_validation" name="test_manifest_rejects_each_missing_required_key[feedback-audit_plan]" time="0.000" /><testcase classname="tests.vnext.test_manifest_validation" name="test_manifest_rejects_each_missing_required_key[harnesses.opencode-backend]" time="0.000" /><testcase classname="tests.vnext.test_manifest_validation" name="test_manifest_rejects_each_missing_required_key[harnesses.opencode-level]" time="0.000" /><testcase classname="tests.vnext.test_manifest_validation" name="test_manifest_rejects_each_missing_required_key[harnesses.opencode-native_tools]" time="0.000" /><testcase classname="tests.vnext.test_manifest_validation" name="test_manifest_rejects_each_missing_required_key[seeds-workload]" time="0.000" /><testcase classname="tests.vnext.test_manifest_validation" name="test_manifest_rejects_each_missing_required_key[budget-model_calls]" time="0.000" /><testcase classname="tests.vnext.test_manifest_validation" name="test_manifest_rejects_each_missing_required_key[recovery.&quot;model.generate&quot;-strategy]" time="0.000" /><testcase classname="tests.vnext.test_manifest_validation" name="test_manifest_rejects_each_missing_required_key[telemetry-semconv]" time="0.000" /><testcase classname="tests.vnext.test_telemetry" name="test_manifest_rejects_deferred_telemetry_profiles[langsmith]" time="0.001" /><testcase classname="tests.vnext.test_acceptance_contracts" name="test_integrity_3_upstream_authorization_requires_exact_request_and_execution_identity" time="0.000" /><testcase classname="tests.vnext.test_acceptance_contracts" name="test_exit_step_interface_has_one_exhaustive_seven_command_union" time="0.000" /><testcase classname="tests.vnext.test_acceptance_contracts" name="test_exit_reference_study_freezes_split_exposures_selection_and_allocation_formula" time="0.000" /><testcase classname="tests.vnext.test_acceptance_contracts" name="test_manifest_rejects_unknown_keys_in_every_core_table[workload]" time="0.000" /><testcase classname="tests.vnext.test_acceptance_contracts" name="test_manifest_rejects_unknown_keys_in_every_core_table[models.user]" time="0.000" /><testcase classname="tests.vnext.test_acceptance_contracts" name="test_manifest_refuses_unsafe_or_malformed_settings[native_tools = &quot;none&quot;-native_tools = &quot;all&quot;-native_tools]" time="0.000" /><testcase classname="tests.vnext.test_benchmarks" name="test_action_comparator_quirks[expected1-actual1-compare1-True]" time="0.000" /><testcase classname="tests.vnext.test_harness" name="test_funded_live_smoke[opencode]" time="0.000"><skipped type="pytest.skip" message="funded live smoke: human must set a budget ceiling, provide a qualified OS jail and explicitly enable a separate funded runner; deterministic CI never uses provider credentials">/Users/nikhil/personal/hatch/strive/tests/vnext/test_harness.py:299: funded live smoke: human must set a budget ceiling, provide a qualified OS jail and explicitly enable a separate funded runner; deterministic CI never uses provider credentials</skipped></testcase><testcase classname="tests.vnext.test_manifest_validation" name="test_manifest_rejects_each_missing_required_key[run-mode]" time="0.000" /><testcase classname="tests.vnext.test_manifest_validation" name="test_manifest_rejects_each_missing_required_key[policy-package]" time="0.000" /><testcase classname="tests.vnext.test_manifest_validation" name="test_manifest_rejects_each_missing_required_key[workload-dev_corpus]" time="0.000" /><testcase classname="tests.vnext.test_manifest_validation" name="test_manifest_rejects_each_missing_required_key[models.actor-request_options]" time="0.000" /><testcase classname="tests.vnext.test_manifest_validation" name="test_manifest_rejects_each_missing_required_key[harnesses.opencode-interface]" time="0.000" /><testcase classname="tests.vnext.test_telemetry" name="test_audit_http_alias_cannot_share_development_endpoint[None]" time="0.000" /></testsuite></testsuites>