<?xml version="1.0" encoding="utf-8"?><testsuites name="pytest tests"><testsuite name="pytest" errors="0" failures="0" skipped="2" tests="111" time="242.679" timestamp="2026-09-09T17:27:22.856623-04:00" hostname="Nikhils-MacBook-Pro.local"><testcase classname="tests.vnext.test_acceptance_contracts" name="test_runtime_integrity_2_rejects_forged_facts_and_protected_feedback" time="81.297" /><testcase classname="tests.vnext.test_harness" name="test_process_deadline_output_limit_and_early_exit[crash_before_call]" time="7.619" /><testcase classname="tests.vnext.test_workflow" name="test_cli_commands_use_real_runner" time="16.333" /><testcase classname="tests.vnext.test_workflow" name="test_run_resolves_displays_before_dispatch_and_rejects_id_reuse" time="15.680" /><testcase classname="tests.vnext.test_adaptation" name="test_memory_write_persists_and_is_readable_next_episode" time="11.240" /><testcase classname="tests.vnext.test_harness" name="test_gateway_denies_hidden_calls_tools_options[title]" time="8.164" /><testcase classname="tests.vnext.test_harness_gateway" name="test_stale_receipt_and_duplicate_settlement_cannot_consume_again" time="8.403" /><testcase classname="tests.vnext.test_harness" name="test_process_gateway_crash_boundaries[wire-retained]" time="8.292" /><testcase classname="tests.vnext.test_harness" name="test_gateway_denies_hidden_calls_tools_options[wrong_model]" time="7.954" /><testcase classname="tests.vnext.test_harness" name="test_process_gateway_crash_boundaries[process-started]" time="8.305" /><testcase classname="tests.vnext.test_harness" name="test_fixture_backend_returns_typed_proposal[claude-code]" time="7.594" /><testcase classname="tests.vnext.test_harness" name="test_process_gateway_crash_boundaries[upstream-before-send]" time="7.537" /><testcase classname="tests.vnext.test_harness" name="test_model_echo_is_not_observed_identity[None]" time="7.234" /><testcase classname="tests.vnext.test_harness" name="test_bad_harness_output_still_settles_known_usage[forged_output]" time="6.637" /><testcase classname="tests.vnext.test_harness" name="test_bad_harness_output_still_settles_known_usage[crash_after_response]" time="6.637" /><testcase classname="tests.vnext.test_harness_gateway" name="test_native_admission_fails_before_process_or_capability" time="3.207" /><testcase classname="tests.vnext.test_harness_gateway" name="test_atomic_single_dispatch_across_gateway_connections" time="2.651" /><testcase classname="tests.vnext.test_harness_gateway" name="test_no_dispatch_proof_revokes_and_is_repeatable" time="2.562" /><testcase classname="tests.vnext.test_harness_gateway" name="test_gateway_contract_change_cannot_resume_old_capability" time="2.601" /><testcase classname="tests.vnext.test_acceptance_contracts" name="test_runtime_integrity_4_preserves_mutation_and_unresolved_obligation" time="2.380" /><testcase classname="tests.vnext.test_harness_gateway" name="test_strict_wire_protocol[{&quot;model&quot;:&quot;a&quot;,&quot;model&quot;:&quot;b&quot;}]" time="1.985" /><testcase classname="tests.vnext.test_benchmark_purity" name="test_completed_benchmark_replays_without_adapter_imports[state-True]" time="1.621" /><testcase classname="tests.vnext.test_benchmark_purity" name="test_completed_benchmark_replays_without_adapter_imports[receipt-True]" time="1.671" /><testcase classname="tests.vnext.test_benchmarks" name="test_state_supported_scoring[True-max_steps-0]" time="1.725" /><testcase classname="tests.vnext.test_benchmarks" name="test_real_mutation_reconcile_and_operator_restore[user]" time="1.120" /><testcase classname="tests.vnext.test_second_benchmark" name="test_second_benchmark_zero_core_diff_discovery_operations_scoring_recovery" time="0.849" /><testcase classname="tests.vnext.test_adaptation" name="test_refiner_crash_recovery_never_repeats_generation[settled]" time="0.990" /><testcase classname="tests.vnext.test_adaptation" name="test_prompt_only_edit_changes_behavior" time="0.717" /><testcase classname="tests.vnext.test_runtime_sandbox" name="test_confined_candidate_step_connects_to_supervisor" time="0.266" /><testcase classname="tests.vnext.test_benchmarks" name="test_store_dedup_fencing_corruption_and_no_rewind" time="0.528" /><testcase classname="tests.vnext.test_benchmarks" name="test_transaction_crash_and_verified_lookup[before-commit]" time="0.502" /><testcase classname="tests.vnext.test_runtime_sandbox" name="test_candidate_cannot_access_host_authority_or_escape[credentials]" time="0.184" /><testcase classname="tests.vnext.test_adaptation" name="test_binary_memory_is_retained_as_file_data_in_refiner_context" time="0.436" /><testcase classname="tests.vnext.test_adaptation" name="test_open_annotation_payload_cannot_break_policy_decision_lookup" time="0.389" /><testcase classname="tests.vnext.test_adaptation" name="test_composite_activation_crash_is_atomic[accepted]" time="0.378" /><testcase classname="tests.vnext.test_benchmarks" name="test_scoped_admission_checks_every_request_dimension[scope]" time="0.298" /><testcase classname="tests.vnext.test_benchmarks" name="test_scoped_admission_checks_every_request_dimension[destination]" time="0.298" /><testcase classname="tests.vnext.test_runtime_sandbox" name="test_candidate_step_crash_boundaries[settled]" time="0.279" /><testcase classname="tests.vnext.test_runtime_sandbox" name="test_candidate_resource_limits[function step(){let a=[]; while(true)a.push(new Array(100000).fill(&quot;x&quot;));}-limits3-candidate failed]" time="0.240" /><testcase classname="tests.vnext.test_runtime_sandbox" name="test_candidate_step_crash_boundaries[external_return]" time="0.246" /><testcase classname="tests.vnext.test_benchmarks" name="test_synthetic_reward_components_preserve_upstream_rules[basis4--actions4-1]" time="0.205" /><testcase classname="tests.vnext.test_benchmarks" name="test_synthetic_reward_components_preserve_upstream_rules[basis1-You have 999 MB-actions1-0]" time="0.217" /><testcase classname="tests.vnext.test_acceptance_contracts" name="test_runtime_integrity_5_replay_rejects_corruption_without_candidate_imports" time="0.189" /><testcase classname="tests.vnext.test_runtime_sandbox" name="test_candidate_cannot_access_host_authority_or_escape[static_import]" time="0.213" /><testcase classname="tests.vnext.test_runtime_sandbox" name="test_candidate_resource_limits[function step(){while(true)console.log(&quot;x&quot;.repeat(8192));}-limits2-output limit]" time="0.188" /><testcase classname="tests.vnext.test_runtime_sandbox" name="test_candidate_cannot_return_an_authority_record" time="0.185" /><testcase classname="tests.vnext.test_runtime" name="test_crash_and_recover_every_effect_boundary[return_recorded]" time="0.156" /><testcase classname="tests.vnext.test_runtime_sandbox" name="test_candidate_step_crash_boundaries[dispatch]" time="0.145" /><testcase classname="tests.vnext.test_runtime" name="test_upstream_stage_crash_recovery[settled]" time="0.142" /><testcase classname="tests.vnext.test_adaptation" name="test_memory_import_cannot_launder_provenance_or_scope" time="0.171" /><testcase classname="tests.vnext.test_adaptation" name="test_invalid_proposal_rejected_without_activation[path-path]" time="0.298" /><testcase classname="tests.vnext.test_adaptation" name="test_evidence_intersects_feedback_and_grants_before_read[B-expected1]" time="0.123" /><testcase classname="tests.vnext.test_runtime" name="test_all_authority_passes_replay_and_full_step_output_is_retained" time="0.129" /><testcase classname="tests.vnext.test_runtime_sandbox" name="test_resume_rejects_changed_sandbox_limits" time="0.091" /><testcase classname="tests.vnext.test_user_model" name="test_structured_calls_are_data_and_text_profiles_remain_closed" time="0.104" /><testcase classname="tests.vnext.test_storage_verification" name="test_close_cannot_release_lease_during_an_append" time="0.072" /><testcase classname="tests.vnext.test_runtime" name="test_stale_result_suspends_and_keeps_reservation" time="0.118" /><testcase classname="tests.vnext.test_storage_verification" name="test_second_result_consumption_is_rejected" time="0.055" /><testcase classname="tests.vnext.test_storage_verification" name="test_explicit_dispatch_return_settlement_uses_original_result_cursor" time="0.036" /><testcase classname="tests.vnext.test_storage_verification" name="test_real_overrun_is_recorded_and_stops_new_dispatch" time="0.028" /><testcase classname="tests.vnext.test_storage_verification" name="test_known_zero_usage_remains_known_when_another_component_settles_later" time="0.027" /><testcase classname="tests.vnext.test_storage_verification" name="test_committed_apply_change_activates_exact_bundle_and_private_state" time="0.023" /><testcase classname="tests.vnext.test_benchmark_qualification" name="test_retained_closure_detects_altered_bytes[tasks]" time="0.020" /><testcase classname="tests.vnext.test_storage_verification" name="test_envelope_and_causation_fail_closed[class]" time="0.042" /><testcase classname="tests.vnext.test_runtime" name="test_broker_rejects_unauthorized_requests[destination]" time="0.016" /><testcase classname="tests.vnext.test_storage_verification" name="test_tampered_record_hash_chain_rejected_even_with_valid_mac" time="0.019" /><testcase classname="tests.vnext.test_storage_verification" name="test_torn_final_frame_requires_explicit_recovery[30]" time="0.020" /><testcase classname="tests.vnext.test_storage_verification" name="test_inconsistent_reservation_settlement_rejected[double_count]" time="0.018" /><testcase classname="tests.vnext.test_benchmark_purity" name="test_static_verifier_import_boundary_and_unchanged_codec_registry" time="0.020" /><testcase classname="tests.vnext.test_runtime" name="test_broker_rejects_unauthorized_requests[arguments]" time="0.019" /><testcase classname="tests.vnext.test_storage_verification" name="test_unknown_bounded_annotations_are_opaque_and_never_authority" time="0.016" /><testcase classname="tests.vnext.test_runtime" name="test_every_limited_resource_is_admitted_before_dispatch[wall_milliseconds-1000000000000]" time="0.013" /><testcase classname="tests.vnext.test_runtime" name="test_every_limited_resource_is_admitted_before_dispatch[usd_nanodollars-1000000000000000]" time="0.014" /><testcase classname="tests.vnext.test_storage_verification" name="test_closed_codec_rejects_unknown_fields_boolean_integers_and_arbitrary_types" time="0.013" /><testcase classname="tests.vnext.test_benchmark_qualification" name="test_qualification_hard_stops_with_exact_ids[missing-missing]" time="0.005" /><testcase classname="tests.vnext.test_benchmark_qualification" name="test_qualification_hard_stops_with_exact_ids[extra_nl-extra]" time="0.004" /><testcase classname="tests.vnext.test_harness" name="test_core_unchanged_and_adapters_selected_by_manifest" time="2.305" /><testcase classname="tests.vnext.test_harness" name="test_installed_cli_local_drive[codex-codex-0.153.4]" time="0.005"><skipped type="pytest.skip" message="codex: Native CLI qualification requires a tested OS process-tree jail with per-process gateway-only network, filesystem and keychain denial, hard memory and aggregate storage limits; this host rejects Seatbelt sandbox_apply: Operation not permitted; native profile has not passed a single-request drive">/Users/nikhil/personal/hatch/strive/tests/vnext/test_harness.py:296: codex: Native CLI qualification requires a tested OS process-tree jail with per-process gateway-only network, filesystem and keychain denial, hard memory and aggregate storage limits; this host rejects Seatbelt sandbox_apply: Operation not permitted; native profile has not passed a single-request drive</skipped></testcase><testcase classname="tests.vnext.test_acceptance_contracts" name="test_manifest_rejects_unknown_keys_in_every_core_table[feedback]" time="0.001" /><testcase classname="tests.vnext.test_acceptance_contracts" name="test_manifest_refuses_unsafe_or_malformed_settings[model_gateway = &quot;./artifact&quot;\n--missing required]" time="0.001" /><testcase classname="tests.vnext.test_acceptance_contracts" name="test_manifest_refuses_unsafe_or_malformed_settings[level = &quot;model&quot;-level = &quot;executor&quot;-level]" time="0.001" /><testcase classname="tests.vnext.test_acceptance_contracts" name="test_manifest_refuses_unsafe_or_malformed_settings[model_transport = &quot;broker_gateway&quot;-model_transport = &quot;direct&quot;-model_transport]" time="0.001" /><testcase classname="tests.vnext.test_acceptance_contracts" name="test_manifest_refuses_unsafe_or_malformed_settings[automatic_redispatch = false-automatic_redispatch = true-automatic_redispatch]" time="0.001" /><testcase classname="tests.vnext.test_acceptance_contracts" name="test_manifest_refuses_unsafe_or_malformed_settings[usd = 20.000000001-usd = 0.0000000001-nanodollars]" time="0.001" /><testcase classname="tests.vnext.test_manifest_validation" name="test_resolved_manifest_requires_recovery_supported_by_pinned_adapter" time="0.001" /><testcase classname="tests.vnext.test_manifest_validation" name="test_resolved_manifest_charges_enabled_phases_outside_policy_defaults" time="0.001" /><testcase classname="tests.vnext.test_manifest_validation" name="test_backend_names_are_registry_keys_not_a_closed_enum" time="0.001" /><testcase classname="tests.vnext.test_manifest_validation" name="test_manifest_rejects_each_missing_required_key[pins-adapters]" time="0.001" /><testcase classname="tests.vnext.test_manifest_validation" name="test_manifest_rejects_each_missing_required_key[feedback-operational_failures_visible]" time="0.001" /><testcase classname="tests.vnext.test_manifest_validation" name="test_manifest_rejects_each_missing_required_key[models.actor-model]" time="0.000" /><testcase classname="tests.vnext.test_manifest_validation" name="test_manifest_rejects_each_missing_required_key[harnesses.opencode-version]" time="0.000" /><testcase classname="tests.vnext.test_manifest_validation" name="test_manifest_rejects_each_missing_required_key[harnesses.opencode-model_transport]" time="0.001" /><testcase classname="tests.vnext.test_manifest_validation" name="test_manifest_rejects_each_missing_required_key[harnesses.opencode-deadline_seconds]" time="0.001" /><testcase classname="tests.vnext.test_manifest_validation" name="test_manifest_rejects_each_missing_required_key[budget-tokens]" time="0.001" /><testcase classname="tests.vnext.test_manifest_validation" name="test_manifest_rejects_each_missing_required_key[budget-includes]" time="0.001" /><testcase classname="tests.vnext.test_manifest_validation" name="test_manifest_rejects_each_missing_required_key[recovery.&quot;model.generate&quot;-unknown_usage]" time="0.001" /><testcase classname="tests.vnext.test_manifest_validation" name="test_manifest_rejects_each_missing_required_key[telemetry-sampling]" time="0.001" /><testcase classname="tests.vnext.test_acceptance_contracts" name="test_integrity_2_annotation_claims_cannot_become_authoritative_facts" time="0.000" /><testcase classname="tests.vnext.test_acceptance_contracts" name="test_exit_authority_schema_freezes_all_groups_and_owners" time="0.000" /><testcase classname="tests.vnext.test_acceptance_contracts" name="test_exit_simulator_scenarios_cover_tau_agent_user_state_and_trusted_reward" time="0.000" /><testcase classname="tests.vnext.test_acceptance_contracts" name="test_manifest_rejects_unknown_keys_in_every_core_table[policy]" time="0.001" /><testcase classname="tests.vnext.test_acceptance_contracts" name="test_manifest_rejects_unknown_keys_in_every_core_table[models.refiner]" time="0.001" /><testcase classname="tests.vnext.test_acceptance_contracts" name="test_manifest_rejects_unknown_keys_in_every_core_table[budget]" time="0.001" /><testcase classname="tests.vnext.test_benchmarks" name="test_action_comparator_quirks[expected0-actual0-None-True]" time="0.000" /><testcase classname="tests.vnext.test_benchmarks" name="test_action_comparator_quirks[expected4-actual4-compare4-True]" time="0.000" /><testcase classname="tests.vnext.test_manifest_validation" name="test_money_does_not_round_under_the_callers_decimal_context" time="0.000" /><testcase classname="tests.vnext.test_manifest_validation" name="test_manifest_rejects_each_missing_required_key[pins-model_gateway]" time="0.000" /><testcase classname="tests.vnext.test_manifest_validation" name="test_manifest_rejects_each_missing_required_key[workload-task_stream]" time="0.001" /><testcase classname="tests.vnext.test_manifest_validation" name="test_manifest_rejects_each_missing_required_key[comparison-allowed_differences]" time="0.001" /><testcase classname="tests.vnext.test_manifest_validation" name="test_manifest_rejects_each_missing_required_key[models.actor-fallback]" time="0.000" /><testcase classname="tests.vnext.test_tau2_live" name="test_live_tau2_initial_snapshot_and_deterministic_scorer" time="0.000"><skipped type="pytest.skip" message="full telecom inventory unavailable: shell DNS failed for raw.githubusercontent.com; web reader rejected tasks.json as larger than 4MB; full-inventory certification outstanding">/Users/nikhil/personal/hatch/strive/tests/vnext/test_tau2_live.py:43: full telecom inventory unavailable: shell DNS failed for raw.githubusercontent.com; web reader rejected tasks.json as larger than 4MB; full-inventory certification outstanding</skipped></testcase></testsuite></testsuites>