<?xml version="1.0" encoding="utf-8"?><testsuites name="pytest tests"><testsuite name="pytest" errors="0" failures="0" skipped="3" tests="116" time="252.300" timestamp="2026-09-09T17:27:22.856472-04:00" hostname="Nikhils-MacBook-Pro.local"><testcase classname="tests.vnext.test_audit_workflow" name="test_audit_requires_freeze_and_exports_only_after_procedure" time="43.129" /><testcase classname="tests.vnext.test_workflow" name="test_compare_matched_descriptive_and_no_dispatch" time="20.720" /><testcase classname="tests.vnext.test_harness" name="test_process_deadline_output_limit_and_early_exit[flood]" time="7.637" /><testcase classname="tests.vnext.test_harness" name="test_opencode_codex_parity[upstream-return-before-spool]" time="17.404" /><testcase classname="tests.vnext.test_harness" name="test_opencode_codex_parity[harness-return-recorded]" time="18.667" /><testcase classname="tests.vnext.test_telemetry" name="test_projector_outage_rebuild_and_no_double_count" time="16.189" /><testcase classname="tests.vnext.test_telemetry" name="test_langfuse_profile_preserves_otlp_and_journal" time="12.316" /><testcase classname="tests.vnext.test_harness" name="test_supervisor_consumes_gateway_result_once[external_return]" time="8.531" /><testcase classname="tests.vnext.test_harness" name="test_process_gateway_crash_boundaries[harness-return-recorded]" time="8.566" /><testcase classname="tests.vnext.test_harness" name="test_gateway_denies_hidden_calls_tools_options[second]" time="8.203" /><testcase classname="tests.vnext.test_harness" name="test_fixture_backend_returns_typed_proposal[opencode]" time="7.651" /><testcase classname="tests.vnext.test_harness" name="test_unverified_provider_recovery_never_queries_or_retries" time="7.546" /><testcase classname="tests.vnext.test_harness" name="test_gateway_denies_hidden_calls_tools_options[oversize]" time="7.858" /><testcase classname="tests.vnext.test_harness" name="test_model_mismatch_still_records_real_usage_and_overrun" time="7.323" /><testcase classname="tests.vnext.test_harness" name="test_gateway_denies_hidden_calls_tools_options[session]" time="7.927" /><testcase classname="tests.vnext.test_harness_gateway" name="test_request_and_response_evidence_distinguishes_context" time="6.620" /><testcase classname="tests.vnext.test_harness" name="test_usage_uses_provider_receipt_not_harness_totals[overrun]" time="6.893" /><testcase classname="tests.vnext.test_harness" name="test_usage_uses_provider_receipt_not_harness_totals[complete]" time="6.686" /><testcase classname="tests.vnext.test_harness_gateway" name="test_profile_cannot_weaken_mechanical_deno_permissions" time="3.144" /><testcase classname="tests.vnext.test_harness_gateway" name="test_frozen_effect_scoped_gateway_interface_uses_same_single_dispatch" time="2.783" /><testcase classname="tests.vnext.test_adaptation" name="test_restore_preserves_environment_and_accounting" time="3.041" /><testcase classname="tests.vnext.test_harness_gateway" name="test_revocation_between_admission_and_send_prevents_upstream" time="2.616" /><testcase classname="tests.vnext.test_adaptation" name="test_actor_action_is_not_rerun_after_committed_step_crash" time="2.401" /><testcase classname="tests.vnext.test_harness_gateway" name="test_http_provider_owns_credentials_fixed_route_and_never_retries" time="1.985" /><testcase classname="tests.vnext.test_harness_gateway" name="test_strict_wire_protocol[[]]" time="1.979" /><testcase classname="tests.vnext.test_benchmarks" name="test_state_supported_scoring[True-agent_stop-1]" time="1.793" /><testcase classname="tests.vnext.test_adaptation" name="test_development_check_is_optional_and_can_gather_more_evidence" time="1.448" /><testcase classname="tests.vnext.test_benchmarks" name="test_committed_replayed_state_divergence_is_invalid" time="0.937" /><testcase classname="tests.vnext.test_workflow" name="test_declared_runs_with_incomplete_setup_remain_in_report[authority-before-binding]" time="1.150" /><testcase classname="tests.vnext.test_adaptation" name="test_refiner_crash_recovery_never_repeats_generation[external_return]" time="0.876" /><testcase classname="tests.vnext.test_workflow" name="test_stopped_budget_work_keeps_unresolved_coverage" time="0.727" /><testcase classname="tests.vnext.test_adaptation" name="test_refiner_policy_decisions[restore]" time="0.599" /><testcase classname="tests.vnext.test_benchmarks" name="test_dynamic_admission_rejects_forged_scopes_and_protected_reads" time="0.508" /><testcase classname="tests.vnext.test_adaptation" name="test_broken_controller_suspends_operator_restores_without_execution[function step(){return {not:&quot;a step&quot;}}]" time="0.508" /><testcase classname="tests.vnext.test_runtime_sandbox" name="test_candidate_cannot_access_host_authority_or_escape[credential_file]" time="0.185" /><testcase classname="tests.vnext.test_workflow" name="test_resolver_refuses_scientific_provider_conflicts[provider-openai]" time="0.423" /><testcase classname="tests.vnext.test_workflow" name="test_resolver_refuses_scientific_provider_conflicts[model-latest]" time="0.399" /><testcase classname="tests.vnext.test_benchmarks" name="test_scoped_admission_checks_every_request_dimension[schema]" time="0.345" /><testcase classname="tests.vnext.test_live_inspection" name="test_partial_tail_visible_but_committed_corruption_rejected" time="0.488" /><testcase classname="tests.vnext.test_benchmarks" name="test_corrupt_receipt_and_missing_store_cannot_prove_absence" time="0.373" /><testcase classname="tests.vnext.test_runtime_sandbox" name="test_broken_candidate_suspends_and_operator_can_restore" time="0.277" /><testcase classname="tests.vnext.test_runtime" name="test_operator_restore_uses_durable_command_preserves_accounting" time="0.282" /><testcase classname="tests.vnext.test_adaptation" name="test_validation_operation_observation_does_not_become_development[A-False]" time="0.227" /><testcase classname="tests.vnext.test_benchmarks" name="test_synthetic_reward_components_preserve_upstream_rules[basis2--actions2-1]" time="0.204" /><testcase classname="tests.vnext.test_benchmarks" name="test_synthetic_reward_components_preserve_upstream_rules[basis3--actions3-0]" time="0.229" /><testcase classname="tests.vnext.test_runtime_sandbox" name="test_candidate_cannot_access_host_authority_or_escape[protected]" time="0.178" /><testcase classname="tests.vnext.test_runtime_sandbox" name="test_candidate_cannot_access_host_authority_or_escape[unix_socket]" time="0.181" /><testcase classname="tests.vnext.test_runtime_sandbox" name="test_rss_watchdog_includes_arraybuffers_outside_v8_heap" time="0.182" /><testcase classname="tests.vnext.test_adaptation" name="test_stripping_handover_state_cannot_activate" time="0.157" /><testcase classname="tests.vnext.test_runtime_sandbox" name="test_sandbox_reports_pinned_enforcement" time="0.135" /><testcase classname="tests.vnext.test_runtime" name="test_late_overrun_keeps_finished_execution_closed" time="0.130" /><testcase classname="tests.vnext.test_runtime" name="test_missing_usage_carries_obligation_into_next_admission" time="0.122" /><testcase classname="tests.vnext.test_adaptation" name="test_invalid_proposal_rejected_without_activation[scope-out-of-editable-scope]" time="0.117" /><testcase classname="tests.vnext.test_adaptation" name="test_invalid_proposal_rejected_without_activation[dependency-missing-dependency]" time="0.123" /><testcase classname="tests.vnext.test_user_model" name="test_direct_user_gateway_recovery_no_repeat[response-spooled-False-True]" time="0.119" /><testcase classname="tests.vnext.test_user_model" name="test_direct_user_gateway_recovery_no_repeat[upstream-return-before-spool-True-True]" time="0.117" /><testcase classname="tests.vnext.test_verifier_only" name="test_fresh_interpreter_verifier_is_read_only_and_candidate_free" time="0.115" /><testcase classname="tests.vnext.test_runtime" name="test_overrun_at_settlement_crash_is_still_stopped_on_recovery" time="0.093" /><testcase classname="tests.vnext.test_runtime_sandbox" name="test_supervisor_denies_protected_input_projection" time="0.097" /><testcase classname="tests.vnext.test_runtime_sandbox" name="test_production_os_confinement_floor" time="0.063"><skipped type="pytest.xfail" message="Production candidate floor needs usable Seatbelt/container/VM with hard whole-process memory and aggregate storage limits; this host denies sandbox_apply" /></testcase><testcase classname="tests.vnext.test_storage_verification" name="test_round_trip_publish_append_verify_and_replay" time="0.045" /><testcase classname="tests.vnext.test_telemetry" name="test_execution_does_not_import_projection_or_reporting" time="0.038" /><testcase classname="tests.vnext.test_storage_verification" name="test_illegal_transition_fails_preflight_and_replay_without_mutating_state" time="0.027" /><testcase classname="tests.vnext.test_storage_verification" name="test_new_epoch_rejects_stale_return_and_requires_reconciliation" time="0.026" /><testcase classname="tests.vnext.test_storage_verification" name="test_harness_launch_and_upstream_forward_share_one_reservation" time="0.026" /><testcase classname="tests.vnext.test_storage_verification" name="test_torn_final_frame_requires_explicit_recovery[-40]" time="0.017" /><testcase classname="tests.vnext.test_storage_verification" name="test_measurement_requires_scorer_owner_and_bound_revisions" time="0.018" /><testcase classname="tests.vnext.test_runtime" name="test_broker_rejects_unauthorized_requests[operation]" time="0.015" /><testcase classname="tests.vnext.test_storage_verification" name="test_torn_final_frame_requires_explicit_recovery[12]" time="0.017" /><testcase classname="tests.vnext.test_storage_verification" name="test_inconsistent_reservation_settlement_rejected[missing_component]" time="0.018" /><testcase classname="tests.vnext.test_storage_verification" name="test_envelope_and_causation_fail_closed[sequence]" time="0.019" /><testcase classname="tests.vnext.test_benchmark_qualification" name="test_retained_closure_detects_altered_bytes[dependencies]" time="0.017" /><testcase classname="tests.vnext.test_runtime" name="test_reservation_over_limit_rejected_without_dispatch" time="0.015" /><testcase classname="tests.vnext.test_storage_verification" name="test_publish_before_reference_and_commit_failure_leave_detectable_tail" time="0.016" /><testcase classname="tests.vnext.test_runtime" name="test_every_limited_resource_is_admitted_before_dispatch[output_tokens-1001]" time="0.014" /><testcase classname="tests.vnext.test_storage_verification" name="test_producer_name_and_hash_are_not_authentication" time="0.011" /><testcase classname="tests.vnext.test_adaptation" name="test_core_freeze_all_30_hashes_match" time="0.002" /><testcase classname="tests.vnext.test_benchmark_qualification" name="test_qualification_hard_stops_with_exact_ids[nl-0]" time="0.004" /><testcase classname="tests.vnext.test_benchmark_qualification" name="test_qualification_hard_stops_with_exact_ids[crossing-74]" time="0.004" /><testcase classname="tests.vnext.test_benchmark_qualification" name="test_materialized_data_requires_exact_retained_bytes" time="0.005" /><testcase classname="tests.vnext.test_audit_workflow" name="test_invalid_selection_rejected_before_any_run" time="0.001" /><testcase classname="tests.vnext.test_acceptance_contracts" name="test_exit_manifest_separates_authored_paths_from_resolved_content" time="0.001" /><testcase classname="tests.vnext.test_acceptance_contracts" name="test_exit_feedback_matrix_freezes_a_b_and_defers_c" time="0.000" /><testcase classname="tests.vnext.test_acceptance_contracts" name="test_manifest_rejects_unknown_keys_in_every_core_table[recovery.&quot;benchmark.tool&quot;]" time="0.001" /><testcase classname="tests.vnext.test_acceptance_contracts" name="test_manifest_refuses_unsafe_or_malformed_settings[max_input_tokens = 16384-max_input_tokens = true-integer]" time="0.001" /><testcase classname="tests.vnext.test_acceptance_contracts" name="test_manifest_refuses_unsafe_or_malformed_settings[max_provider_requests = 1-max_provider_requests = 2-max_provider_requests]" time="0.001" /><testcase classname="tests.vnext.test_acceptance_contracts" name="test_manifest_refuses_unsafe_or_malformed_settings[fallback = &quot;forbid&quot;-fallback = &quot;allow&quot;-fallback]" time="0.001" /><testcase classname="tests.vnext.test_acceptance_contracts" name="test_manifest_refuses_unsafe_or_malformed_settings[usd = 20.000000001-usd = nan-finite]" time="0.001" /><testcase classname="tests.vnext.test_acceptance_contracts" name="test_manifest_refuses_unsafe_or_malformed_settings[refine_every_episodes = 20-refine_every_orders = 20-unknown policy]" time="0.001" /><testcase classname="tests.vnext.test_manifest_validation" name="test_resolved_manifest_keeps_harness_and_provider_seed_support_separate" time="0.001" /><testcase classname="tests.vnext.test_manifest_validation" name="test_a_can_omit_validation_while_b_requires_an_explicit_pool" time="0.001" /><testcase classname="tests.vnext.test_manifest_validation" name="test_manifest_rejects_each_missing_required_key[pins-runtime]" time="0.001" /><testcase classname="tests.vnext.test_manifest_validation" name="test_manifest_rejects_each_missing_required_key[workload-initial_snapshot]" time="0.001" /><testcase classname="tests.vnext.test_manifest_validation" name="test_manifest_rejects_each_missing_required_key[comparison-plan]" time="0.001" /><testcase classname="tests.vnext.test_manifest_validation" name="test_manifest_rejects_each_missing_required_key[harnesses.opencode-adapter]" time="0.001" /><testcase classname="tests.vnext.test_manifest_validation" name="test_manifest_rejects_each_missing_required_key[harnesses.opencode-launch_profile]" time="0.001" /><testcase classname="tests.vnext.test_manifest_validation" name="test_manifest_rejects_each_missing_required_key[harnesses.opencode-session_policy]" time="0.000" /><testcase classname="tests.vnext.test_manifest_validation" name="test_manifest_rejects_each_missing_required_key[seeds-policy]" time="0.000" /><testcase classname="tests.vnext.test_manifest_validation" name="test_manifest_rejects_each_missing_required_key[budget-wall_seconds]" time="0.000" /><testcase classname="tests.vnext.test_manifest_validation" name="test_manifest_rejects_each_missing_required_key[recovery.&quot;model.generate&quot;-native_session_resume]" time="0.000" /><testcase classname="tests.vnext.test_manifest_validation" name="test_manifest_rejects_each_missing_required_key[telemetry-profile]" time="0.001" /><testcase classname="tests.vnext.test_telemetry" name="test_manifest_rejects_deferred_telemetry_profiles[phoenix]" time="0.001" /><testcase classname="tests.vnext.test_acceptance_contracts" name="test_integrity_4_ambiguous_execution_cannot_be_consumed_or_erased" time="0.000" /><testcase classname="tests.vnext.test_acceptance_contracts" name="test_exit_effect_lifecycle_and_recovery_cover_every_dispatch_stage" time="0.000" /><testcase classname="tests.vnext.test_acceptance_contracts" name="test_manifest_rejects_unknown_keys_in_every_core_table[run]" time="0.001" /><testcase classname="tests.vnext.test_acceptance_contracts" name="test_manifest_rejects_unknown_keys_in_every_core_table[comparison]" time="0.000" /><testcase classname="tests.vnext.test_acceptance_contracts" name="test_manifest_rejects_unknown_keys_in_every_core_table[harnesses.opencode]" time="0.001" /><testcase classname="tests.vnext.test_acceptance_contracts" name="test_annotations_reject_unbounded_or_non_json_payloads" time="0.000" /><testcase classname="tests.vnext.test_benchmarks" name="test_action_comparator_quirks[expected2-actual2-None-True]" time="0.000" /><testcase classname="tests.vnext.test_harness" name="test_funded_live_smoke[codex]" time="0.000"><skipped type="pytest.skip" message="funded live smoke: human must set a budget ceiling, provide a qualified OS jail and explicitly enable a separate funded runner; deterministic CI never uses provider credentials">/Users/nikhil/personal/hatch/strive/tests/vnext/test_harness.py:299: funded live smoke: human must set a budget ceiling, provide a qualified OS jail and explicitly enable a separate funded runner; deterministic CI never uses provider credentials</skipped></testcase><testcase classname="tests.vnext.test_manifest_validation" name="test_manifest_rejects_each_missing_required_key[run-editable]" time="0.000" /><testcase classname="tests.vnext.test_manifest_validation" name="test_manifest_rejects_each_missing_required_key[policy-entrypoint]" time="0.000" /><testcase classname="tests.vnext.test_manifest_validation" name="test_manifest_rejects_each_missing_required_key[feedback-audit_release]" time="0.001" /><testcase classname="tests.vnext.test_manifest_validation" name="test_manifest_rejects_each_missing_required_key[models.actor-max_input_tokens]" time="0.001" /><testcase classname="tests.vnext.test_tau2_live" name="test_live_tau2_action_comparator_equivalence" time="0.000"><skipped type="pytest.skip" message="tau2 not installed: isolated uv lock panicked in macOS system-configuration (Attempted to create a NULL object); shell DNS for raw.githubusercontent.com unavailable">/Users/nikhil/personal/hatch/strive/tests/vnext/test_tau2_live.py:17: tau2 not installed: isolated uv lock panicked in macOS system-configuration (Attempted to create a NULL object); shell DNS for raw.githubusercontent.com unavailable</skipped></testcase><testcase classname="tests.vnext.test_telemetry" name="test_audit_http_alias_cannot_share_development_endpoint[https://shared.invalid/v1/traces]" time="0.001" /></testsuite></testsuites>