<?xml version="1.0" encoding="utf-8"?><testsuites name="pytest tests"><testsuite name="pytest" errors="0" failures="0" skipped="6" tests="115" time="257.757" timestamp="2026-09-09T17:27:22.856605-04:00" hostname="Nikhils-MacBook-Pro.local"><testcase classname="tests.vnext.test_workflow" name="test_experiment_stable_mapping_restart_and_separate_allocations" time="44.134" /><testcase classname="tests.vnext.test_harness" name="test_process_deadline_output_limit_and_early_exit[hang]" time="17.607" /><testcase classname="tests.vnext.test_harness" name="test_usage_uses_provider_receipt_not_harness_totals[missing]" time="19.322" /><testcase classname="tests.vnext.test_harness" name="test_opencode_codex_parity[response-spooled]" time="18.032" /><testcase classname="tests.vnext.test_harness" name="test_opencode_codex_parity[None]" time="16.743" /><testcase classname="tests.vnext.test_workflow" name="test_status_follow_read_only_and_exact_model_inputs" time="14.481" /><testcase classname="tests.vnext.test_workflow" name="test_m7_history_replays_in_fresh_pure_interpreter" time="11.126" /><testcase classname="tests.vnext.test_harness" name="test_gateway_denies_hidden_calls_tools_options[subagent]" time="8.194" /><testcase classname="tests.vnext.test_harness" name="test_gateway_denies_hidden_calls_tools_options[retry]" time="8.212" /><testcase classname="tests.vnext.test_harness" name="test_process_gateway_crash_boundaries[response-spooled]" time="8.592" /><testcase classname="tests.vnext.test_harness" name="test_gateway_denies_hidden_calls_tools_options[auxiliary_first]" time="7.935" /><testcase classname="tests.vnext.test_harness" name="test_supervisor_consumes_gateway_result_once[continuation]" time="7.942" /><testcase classname="tests.vnext.test_harness" name="test_gateway_denies_hidden_calls_tools_options[hosted_tools]" time="7.899" /><testcase classname="tests.vnext.test_harness" name="test_supervisor_consumes_gateway_result_once[settled]" time="7.995" /><testcase classname="tests.vnext.test_harness" name="test_fixture_backend_returns_typed_proposal[codex]" time="7.657" /><testcase classname="tests.vnext.test_harness" name="test_model_echo_is_not_observed_identity[unexpected-revision]" time="7.275" /><testcase classname="tests.vnext.test_harness" name="test_fixture_process_denies_files_network_tools_credentials" time="6.702" /><testcase classname="tests.vnext.test_harness" name="test_bad_harness_output_still_settles_known_usage[malformed]" time="6.590" /><testcase classname="tests.vnext.test_harness_gateway" name="test_prepare_rejects_unbounded_profile_settings_and_scope" time="3.219" /><testcase classname="tests.vnext.test_harness_gateway" name="test_recovery_revokes_then_terminates_identified_old_process" time="2.910" /><testcase classname="tests.vnext.test_harness_gateway" name="test_http_gateway_local_transport_when_socket_bind_permitted" time="2.561"><skipped type="pytest.skip" message="host denies localhost TCP bind: [Errno 1] Operation not permitted; pipe gateway is exercised by real-process tests">/Users/nikhil/personal/hatch/strive/tests/vnext/test_harness_gateway.py:203: host denies localhost TCP bind: [Errno 1] Operation not permitted; pipe gateway is exercised by real-process tests</skipped></testcase><testcase classname="tests.vnext.test_harness_gateway" name="test_recovery_never_signals_a_reused_process_id" time="2.588" /><testcase classname="tests.vnext.test_harness_gateway" name="test_registered_implementation_source_is_part_of_adapter_pin" time="2.409" /><testcase classname="tests.vnext.test_harness_gateway" name="test_strict_wire_protocol[{&quot;model&quot;:&quot;recorded-model&quot;,&quot;max_output_tokens&quot;:64,&quot;input&quot;:[{&quot;role&quot;:&quot;user&quot;,&quot;content&quot;:[{&quot;type&quot;:&quot;input_image&quot;,&quot;image_url&quot;:&quot;https://example.com&quot;}]}]}]" time="2.059" /><testcase classname="tests.vnext.test_harness_gateway" name="test_strict_wire_protocol[{&quot;model&quot;:&quot;recorded-model&quot;,&quot;max_output_tokens&quot;:true,&quot;input&quot;:&quot;text&quot;}]" time="2.317" /><testcase classname="tests.vnext.test_adaptation" name="test_broken_controller_suspends_operator_restores_without_execution[function step(){while(true){}}]" time="1.486" /><testcase classname="tests.vnext.test_runtime_sandbox" name="test_candidate_resource_limits[function step(){while(true){}}-limits0-candidate failed]" time="1.157" /><testcase classname="tests.vnext.test_benchmarks" name="test_state_supported_scoring[False-agent_stop-0]" time="1.063" /><testcase classname="tests.vnext.test_workflow" name="test_changed_actor_bytes_cannot_hide_behind_allowed_policy_change" time="0.962" /><testcase classname="tests.vnext.test_adaptation" name="test_bounded_controller_handover_is_atomic[activated]" time="0.719" /><testcase classname="tests.vnext.test_adaptation" name="test_code_only_edit_changes_behavior" time="0.683" /><testcase classname="tests.vnext.test_benchmarks" name="test_forged_facts_guarantee_2" time="0.677" /><testcase classname="tests.vnext.test_adaptation" name="test_broken_controller_suspends_operator_restores_without_execution[function step(){throw Error(&quot;broken&quot;)}]" time="0.473" /><testcase classname="tests.vnext.test_adaptation" name="test_handover_rejects_pending_command_and_unconsumed_result" time="0.490" /><testcase classname="tests.vnext.test_adaptation" name="test_refiner_policy_decisions[gather-more-evidence]" time="0.449" /><testcase classname="tests.vnext.test_runtime_sandbox" name="test_model_result_is_retained_in_next_sandbox_command" time="0.367" /><testcase classname="tests.vnext.test_adaptation" name="test_composite_activation_crash_is_atomic[activated]" time="0.383" /><testcase classname="tests.vnext.test_workflow" name="test_policy_package_cannot_smuggle_actor_components" time="0.395" /><testcase classname="tests.vnext.test_benchmarks" name="test_scoped_admission_checks_every_request_dimension[operation]" time="0.287" /><testcase classname="tests.vnext.test_runtime_sandbox" name="test_candidate_cannot_access_host_authority_or_escape[worker_import]" time="0.281" /><testcase classname="tests.vnext.test_runtime_sandbox" name="test_candidate_time_is_reserved_and_survives_restart" time="0.270" /><testcase classname="tests.vnext.test_runtime_sandbox" name="test_candidate_step_crash_boundaries[return_recorded]" time="0.270" /><testcase classname="tests.vnext.test_benchmarks" name="test_task_reward_bytes_cannot_drift_from_qualified_inventory" time="0.198" /><testcase classname="tests.vnext.test_runtime" name="test_partial_usage_late_receipt_after_finish_never_reopens_result" time="0.155" /><testcase classname="tests.vnext.test_runtime_sandbox" name="test_candidate_cannot_access_host_authority_or_escape[escape]" time="0.176" /><testcase classname="tests.vnext.test_runtime_sandbox" name="test_candidate_cannot_access_host_authority_or_escape[dynamic_import]" time="0.181" /><testcase classname="tests.vnext.test_runtime_sandbox" name="test_candidate_cannot_access_host_authority_or_escape[ffi]" time="0.182" /><testcase classname="tests.vnext.test_runtime_sandbox" name="test_candidate_cannot_access_host_authority_or_escape[socket]" time="0.182" /><testcase classname="tests.vnext.test_runtime" name="test_late_overrun_preserves_accepted_command_without_dispatch" time="0.149" /><testcase classname="tests.vnext.test_runtime" name="test_crash_and_recover_every_effect_boundary[accepted]" time="0.123" /><testcase classname="tests.vnext.test_runtime" name="test_in_process_upstream_gate_retains_actual_request_and_denies_second" time="0.126" /><testcase classname="tests.vnext.test_runtime" name="test_upstream_stage_crash_recovery[external_return]" time="0.120" /><testcase classname="tests.vnext.test_runtime" name="test_overrun_is_recorded_and_stops_further_dispatch" time="0.100" /><testcase classname="tests.vnext.test_adaptation" name="test_evidence_intersects_feedback_and_grants_before_read[A-expected0]" time="0.116" /><testcase classname="tests.vnext.test_adaptation" name="test_controller_edit_rejected_out_of_scope" time="0.107" /><testcase classname="tests.vnext.test_adaptation" name="test_invalid_proposal_rejected_without_activation[revision-expected-revision]" time="0.105" /><testcase classname="tests.vnext.test_runtime" name="test_candidate_cannot_underreport_usage_with_annotations" time="0.102" /><testcase classname="tests.vnext.test_runtime" name="test_upstream_stage_crash_recovery[upstream_authorized]" time="0.085" /><testcase classname="tests.vnext.test_runtime" name="test_business_deduplication_does_not_authorize_paid_retry" time="0.071" /><testcase classname="tests.vnext.test_runtime" name="test_crash_and_recover_every_effect_boundary[authorized]" time="0.065" /><testcase classname="tests.vnext.test_storage_verification" name="test_late_accounting_cannot_rewind_environment" time="0.037" /><testcase classname="tests.vnext.test_storage_verification" name="test_required_artifact_missing_or_corrupted_stops_reads_and_appends[missing]" time="0.035" /><testcase classname="tests.vnext.test_runtime" name="test_old_writer_and_stale_step_are_rejected" time="0.026" /><testcase classname="tests.vnext.test_storage_verification" name="test_committed_command_matches_authorization_and_is_not_lost" time="0.024" /><testcase classname="tests.vnext.test_storage_verification" name="test_forged_producer_identity_and_wrong_owner_port_are_rejected" time="0.018" /><testcase classname="tests.vnext.test_storage_verification" name="test_envelope_and_causation_fail_closed[future_parent]" time="0.018" /><testcase classname="tests.vnext.test_storage_verification" name="test_envelope_and_causation_fail_closed[invocation]" time="0.017" /><testcase classname="tests.vnext.test_user_model" name="test_user_proposal_bounds_and_hosted_tool_rejection" time="0.017" /><testcase classname="tests.vnext.test_storage_verification" name="test_torn_final_frame_requires_explicit_recovery[1]" time="0.017" /><testcase classname="tests.vnext.test_storage_verification" name="test_torn_final_frame_requires_explicit_recovery[-1]" time="0.016" /><testcase classname="tests.vnext.test_storage_verification" name="test_inconsistent_reservation_settlement_rejected[erased_unknown]" time="0.016" /><testcase classname="tests.vnext.test_benchmark_qualification" name="test_retained_closure_detects_altered_bytes[policies]" time="0.014" /><testcase classname="tests.vnext.test_runtime" name="test_broker_rejects_unauthorized_requests[inputs]" time="0.013" /><testcase classname="tests.vnext.test_storage_verification" name="test_nested_pending_command_references_are_required" time="0.013" /><testcase classname="tests.vnext.test_storage_verification" name="test_second_writer_and_stale_epoch_are_rejected" time="0.011" /><testcase classname="tests.vnext.test_benchmark_qualification" name="test_full_fixture_inventory_and_deterministic_whole_group_partition" time="0.010" /><testcase classname="tests.vnext.test_storage_verification" name="test_record_digest_and_commit_checksum_are_checked" time="0.009" /><testcase classname="tests.vnext.test_benchmark_qualification" name="test_qualification_hard_stops_with_exact_ids[duplicate-0]" time="0.004" /><testcase classname="tests.vnext.test_benchmark_qualification" name="test_qualification_hard_stops_with_exact_ids[gold-0]" time="0.004" /><testcase classname="tests.vnext.test_benchmark_qualification" name="test_qualification_hard_stops_with_exact_ids[missing_criteria-0]" time="0.004" /><testcase classname="tests.vnext.test_harness" name="test_installed_cli_local_drive[opencode-opencode-1.17.18]" time="0.001"><skipped type="pytest.skip" message="opencode: Native CLI qualification requires a tested OS process-tree jail with per-process gateway-only network, filesystem and keychain denial, hard memory and aggregate storage limits; this host rejects Seatbelt sandbox_apply: Operation not permitted; native profile has not passed a single-request drive">/Users/nikhil/personal/hatch/strive/tests/vnext/test_harness.py:296: opencode: Native CLI qualification requires a tested OS process-tree jail with per-process gateway-only network, filesystem and keychain denial, hard memory and aggregate storage limits; this host rejects Seatbelt sandbox_apply: Operation not permitted; native profile has not passed a single-request drive</skipped></testcase><testcase classname="tests.vnext.test_acceptance_contracts" name="test_manifest_rejects_unknown_keys_in_every_core_table[]" time="0.001" /><testcase classname="tests.vnext.test_acceptance_contracts" name="test_manifest_rejects_unknown_keys_in_every_core_table[telemetry]" time="0.001" /><testcase classname="tests.vnext.test_acceptance_contracts" name="test_manifest_refuses_unsafe_or_malformed_settings[max_output_tokens = 2048-max_output_tokens = 0-integer]" time="0.001" /><testcase classname="tests.vnext.test_acceptance_contracts" name="test_manifest_refuses_unsafe_or_malformed_settings[max_provider_requests = 1-max_provider_requests = true-max_provider_requests]" time="0.000" /><testcase classname="tests.vnext.test_acceptance_contracts" name="test_manifest_refuses_unsafe_or_malformed_settings[native_session_resume = false-native_session_resume = true-native_session_resume]" time="0.001" /><testcase classname="tests.vnext.test_acceptance_contracts" name="test_manifest_refuses_unsafe_or_malformed_settings[usd = 20.000000001-usd = -1-nonnegative]" time="0.001" /><testcase classname="tests.vnext.test_harness" name="test_installed_cli_local_drive[claude-code-claude-2.1.263]" time="0.001"><skipped type="pytest.skip" message="claude-code: Native CLI qualification requires a tested OS process-tree jail with per-process gateway-only network, filesystem and keychain denial, hard memory and aggregate storage limits; this host rejects Seatbelt sandbox_apply: Operation not permitted; native profile has not passed a single-request drive">/Users/nikhil/personal/hatch/strive/tests/vnext/test_harness.py:296: claude-code: Native CLI qualification requires a tested OS process-tree jail with per-process gateway-only network, filesystem and keychain denial, hard memory and aggregate storage limits; this host rejects Seatbelt sandbox_apply: Operation not permitted; native profile has not passed a single-request drive</skipped></testcase><testcase classname="tests.vnext.test_manifest_validation" name="test_resolved_manifest_rejects_missing_or_conflicting_model_resolution" time="0.001" /><testcase classname="tests.vnext.test_manifest_validation" name="test_direct_provider_bindings_do_not_require_a_harness_table" time="0.000" /><testcase classname="tests.vnext.test_manifest_validation" name="test_manifest_rejects_each_missing_required_key[pins-verifier]" time="0.000" /><testcase classname="tests.vnext.test_manifest_validation" name="test_manifest_rejects_each_missing_required_key[feedback-contract]" time="0.000" /><testcase classname="tests.vnext.test_manifest_validation" name="test_manifest_rejects_each_missing_required_key[models.actor-provider]" time="0.000" /><testcase classname="tests.vnext.test_manifest_validation" name="test_manifest_rejects_each_missing_required_key[harnesses.opencode-executable]" time="0.000" /><testcase classname="tests.vnext.test_manifest_validation" name="test_manifest_rejects_each_missing_required_key[harnesses.opencode-sandbox_profile]" time="0.000" /><testcase classname="tests.vnext.test_manifest_validation" name="test_manifest_rejects_each_missing_required_key[harnesses.opencode-max_provider_requests]" time="0.000" /><testcase classname="tests.vnext.test_manifest_validation" name="test_manifest_rejects_each_missing_required_key[budget-usd]" time="0.000" /><testcase classname="tests.vnext.test_manifest_validation" name="test_manifest_rejects_each_missing_required_key[budget-price_schedule]" time="0.000" /><testcase classname="tests.vnext.test_manifest_validation" name="test_manifest_rejects_each_missing_required_key[recovery.&quot;model.generate&quot;-automatic_redispatch]" time="0.000" /><testcase classname="tests.vnext.test_manifest_validation" name="test_manifest_rejects_each_missing_required_key[telemetry-content_export]" time="0.000" /><testcase classname="tests.vnext.test_acceptance_contracts" name="test_integrity_1_candidate_commands_cannot_assign_outer_authority" time="0.000" /><testcase classname="tests.vnext.test_acceptance_contracts" name="test_integrity_5_closed_protocol_refuses_skipped_and_repeated_consumption" time="0.000" /><testcase classname="tests.vnext.test_acceptance_contracts" name="test_exit_harness_adapter_freezes_four_methods_and_three_model_identities" time="0.000" /><testcase classname="tests.vnext.test_acceptance_contracts" name="test_manifest_rejects_unknown_keys_in_every_core_table[pins]" time="0.000" /><testcase classname="tests.vnext.test_acceptance_contracts" name="test_manifest_rejects_unknown_keys_in_every_core_table[models.actor]" time="0.001" /><testcase classname="tests.vnext.test_acceptance_contracts" name="test_manifest_rejects_unknown_keys_in_every_core_table[seeds]" time="0.001" /><testcase classname="tests.vnext.test_adaptation" name="test_evaluate_fork_enactment_deferred" time="0.000"><skipped type="pytest.xfail" message="EvaluateFork enactment is deferred: a future approved verifier+supervisor change must authorize and charge fork effects; ExecuteEffect is currently the only chargeable authorization." /></testcase><testcase classname="tests.vnext.test_benchmarks" name="test_action_comparator_quirks[expected3-actual3-None-False]" time="0.000" /><testcase classname="tests.vnext.test_harness" name="test_funded_live_smoke[claude-code]" time="0.000"><skipped type="pytest.skip" message="funded live smoke: human must set a budget ceiling, provide a qualified OS jail and explicitly enable a separate funded runner; deterministic CI never uses provider credentials">/Users/nikhil/personal/hatch/strive/tests/vnext/test_harness.py:299: funded live smoke: human must set a budget ceiling, provide a qualified OS jail and explicitly enable a separate funded runner; deterministic CI never uses provider credentials</skipped></testcase><testcase classname="tests.vnext.test_manifest_validation" name="test_manifest_rejects_each_missing_required_key[pins-scorer]" time="0.001" /><testcase classname="tests.vnext.test_manifest_validation" name="test_manifest_rejects_each_missing_required_key[workload-implementation]" time="0.000" /><testcase classname="tests.vnext.test_manifest_validation" name="test_manifest_rejects_each_missing_required_key[comparison-strictness]" time="0.000" /><testcase classname="tests.vnext.test_manifest_validation" name="test_manifest_rejects_each_missing_required_key[models.actor-max_output_tokens]" time="0.000" /><testcase classname="tests.vnext.test_tau2_live" name="test_full_inventory_certification" time="0.000"><skipped type="pytest.skip" message="full telecom inventory unavailable: shell DNS failed for raw.githubusercontent.com; web reader rejected tasks.json as larger than 4MB; full-inventory certification outstanding">/Users/nikhil/personal/hatch/strive/tests/vnext/test_tau2_live.py:32: full telecom inventory unavailable: shell DNS failed for raw.githubusercontent.com; web reader rejected tasks.json as larger than 4MB; full-inventory certification outstanding</skipped></testcase><testcase classname="tests.vnext.test_workflow" name="test_cli_routing_does_not_treat_root_as_command" time="0.000" /></testsuite></testsuites>