<?xml version="1.0" encoding="utf-8"?><testsuites name="pytest tests"><testsuite name="pytest" errors="0" failures="1" skipped="13" tests="454" time="924.496" timestamp="2026-09-09T15:24:23.090431-04:00" hostname="Nikhils-MacBook-Pro.local"><testcase classname="tests.vnext.test_acceptance_contracts" name="test_integrity_1_candidate_commands_cannot_assign_outer_authority" time="0.000" /><testcase classname="tests.vnext.test_acceptance_contracts" name="test_integrity_2_annotation_claims_cannot_become_authoritative_facts" time="0.000" /><testcase classname="tests.vnext.test_acceptance_contracts" name="test_integrity_3_upstream_authorization_requires_exact_request_and_execution_identity" time="0.000" /><testcase classname="tests.vnext.test_acceptance_contracts" name="test_integrity_4_ambiguous_execution_cannot_be_consumed_or_erased" time="0.000" /><testcase classname="tests.vnext.test_acceptance_contracts" name="test_integrity_5_closed_protocol_refuses_skipped_and_repeated_consumption" time="0.000" /><testcase classname="tests.vnext.test_acceptance_contracts" name="test_exit_authority_schema_freezes_all_groups_and_owners" time="0.000" /><testcase classname="tests.vnext.test_acceptance_contracts" name="test_exit_step_interface_has_one_exhaustive_seven_command_union" time="0.000" /><testcase classname="tests.vnext.test_acceptance_contracts" name="test_exit_effect_lifecycle_and_recovery_cover_every_dispatch_stage" time="0.000" /><testcase classname="tests.vnext.test_acceptance_contracts" name="test_exit_harness_adapter_freezes_four_methods_and_three_model_identities" time="0.000" /><testcase classname="tests.vnext.test_acceptance_contracts" name="test_exit_manifest_separates_authored_paths_from_resolved_content" time="0.001" /><testcase classname="tests.vnext.test_acceptance_contracts" name="test_exit_simulator_scenarios_cover_tau_agent_user_state_and_trusted_reward" time="0.000" /><testcase classname="tests.vnext.test_acceptance_contracts" name="test_exit_feedback_matrix_freezes_a_b_and_defers_c" time="0.001" /><testcase classname="tests.vnext.test_acceptance_contracts" name="test_exit_reference_study_freezes_split_exposures_selection_and_allocation_formula" time="0.000" /><testcase classname="tests.vnext.test_acceptance_contracts" name="test_manifest_rejects_unknown_keys_in_every_core_table[]" time="0.001" /><testcase classname="tests.vnext.test_acceptance_contracts" name="test_manifest_rejects_unknown_keys_in_every_core_table[run]" time="0.000" /><testcase classname="tests.vnext.test_acceptance_contracts" name="test_manifest_rejects_unknown_keys_in_every_core_table[pins]" time="0.000" /><testcase classname="tests.vnext.test_acceptance_contracts" name="test_manifest_rejects_unknown_keys_in_every_core_table[policy]" time="0.000" /><testcase classname="tests.vnext.test_acceptance_contracts" name="test_manifest_rejects_unknown_keys_in_every_core_table[workload]" time="0.000" /><testcase classname="tests.vnext.test_acceptance_contracts" name="test_manifest_rejects_unknown_keys_in_every_core_table[feedback]" time="0.001" /><testcase classname="tests.vnext.test_acceptance_contracts" name="test_manifest_rejects_unknown_keys_in_every_core_table[comparison]" time="0.000" /><testcase classname="tests.vnext.test_acceptance_contracts" name="test_manifest_rejects_unknown_keys_in_every_core_table[models.actor]" time="0.000" /><testcase classname="tests.vnext.test_acceptance_contracts" name="test_manifest_rejects_unknown_keys_in_every_core_table[models.refiner]" time="0.000" /><testcase classname="tests.vnext.test_acceptance_contracts" name="test_manifest_rejects_unknown_keys_in_every_core_table[models.user]" time="0.000" /><testcase classname="tests.vnext.test_acceptance_contracts" name="test_manifest_rejects_unknown_keys_in_every_core_table[harnesses.opencode]" time="0.000" /><testcase classname="tests.vnext.test_acceptance_contracts" name="test_manifest_rejects_unknown_keys_in_every_core_table[seeds]" time="0.000" /><testcase classname="tests.vnext.test_acceptance_contracts" name="test_manifest_rejects_unknown_keys_in_every_core_table[budget]" time="0.000" /><testcase classname="tests.vnext.test_acceptance_contracts" name="test_manifest_rejects_unknown_keys_in_every_core_table[recovery.&quot;model.generate&quot;]" time="0.001" /><testcase classname="tests.vnext.test_acceptance_contracts" name="test_manifest_rejects_unknown_keys_in_every_core_table[recovery.&quot;benchmark.tool&quot;]" time="0.001" /><testcase classname="tests.vnext.test_acceptance_contracts" name="test_manifest_rejects_unknown_keys_in_every_core_table[telemetry]" time="0.001" /><testcase classname="tests.vnext.test_acceptance_contracts" name="test_manifest_refuses_unsafe_or_malformed_settings[model_gateway = &quot;./artifact&quot;\n--missing required]" time="0.001" /><testcase classname="tests.vnext.test_acceptance_contracts" name="test_manifest_refuses_unsafe_or_malformed_settings[schema = &quot;strive.run/1&quot;-schema = &quot;strive.run/2&quot;-schema]" time="0.001" /><testcase classname="tests.vnext.test_acceptance_contracts" name="test_manifest_refuses_unsafe_or_malformed_settings[max_input_tokens = 16384-max_input_tokens = true-integer]" time="0.001" /><testcase classname="tests.vnext.test_acceptance_contracts" name="test_manifest_refuses_unsafe_or_malformed_settings[max_output_tokens = 2048-max_output_tokens = 0-integer]" time="0.001" /><testcase classname="tests.vnext.test_acceptance_contracts" name="test_manifest_refuses_unsafe_or_malformed_settings[level = &quot;model&quot;-level = &quot;executor&quot;-level]" time="0.001" /><testcase classname="tests.vnext.test_acceptance_contracts" name="test_manifest_refuses_unsafe_or_malformed_settings[native_tools = &quot;none&quot;-native_tools = &quot;all&quot;-native_tools]" time="0.000" /><testcase classname="tests.vnext.test_acceptance_contracts" name="test_manifest_refuses_unsafe_or_malformed_settings[session_policy = &quot;fresh&quot;-session_policy = &quot;resume&quot;-session_policy]" time="0.001" /><testcase classname="tests.vnext.test_acceptance_contracts" name="test_manifest_refuses_unsafe_or_malformed_settings[max_provider_requests = 1-max_provider_requests = 2-max_provider_requests]" time="0.001" /><testcase classname="tests.vnext.test_acceptance_contracts" name="test_manifest_refuses_unsafe_or_malformed_settings[max_provider_requests = 1-max_provider_requests = true-max_provider_requests]" time="0.001" /><testcase classname="tests.vnext.test_acceptance_contracts" name="test_manifest_refuses_unsafe_or_malformed_settings[model_transport = &quot;broker_gateway&quot;-model_transport = &quot;direct&quot;-model_transport]" time="0.001" /><testcase classname="tests.vnext.test_acceptance_contracts" name="test_manifest_refuses_unsafe_or_malformed_settings[harness = &quot;opencode&quot;-harness = &quot;missing&quot;-unknown harness]" time="0.001" /><testcase classname="tests.vnext.test_acceptance_contracts" name="test_manifest_refuses_unsafe_or_malformed_settings[fallback = &quot;forbid&quot;-fallback = &quot;allow&quot;-fallback]" time="0.001" /><testcase classname="tests.vnext.test_acceptance_contracts" name="test_manifest_refuses_unsafe_or_malformed_settings[native_session_resume = false-native_session_resume = true-native_session_resume]" time="0.001" /><testcase classname="tests.vnext.test_acceptance_contracts" name="test_manifest_refuses_unsafe_or_malformed_settings[automatic_redispatch = false-automatic_redispatch = true-automatic_redispatch]" time="0.001" /><testcase classname="tests.vnext.test_acceptance_contracts" name="test_manifest_refuses_unsafe_or_malformed_settings[unknown_usage = &quot;retain_reservation&quot;-unknown_usage = &quot;zero&quot;-unknown_usage]" time="0.001" /><testcase classname="tests.vnext.test_acceptance_contracts" name="test_manifest_refuses_unsafe_or_malformed_settings[usd = 20.000000001-usd = nan-finite]" time="0.001" /><testcase classname="tests.vnext.test_acceptance_contracts" name="test_manifest_refuses_unsafe_or_malformed_settings[usd = 20.000000001-usd = -1-nonnegative]" time="0.001" /><testcase classname="tests.vnext.test_acceptance_contracts" name="test_manifest_refuses_unsafe_or_malformed_settings[usd = 20.000000001-usd = 0.0000000001-nanodollars]" time="0.001" /><testcase classname="tests.vnext.test_acceptance_contracts" name="test_manifest_refuses_unsafe_or_malformed_settings[&quot;user_simulation&quot;, --missing enabled phases]" time="0.001" /><testcase classname="tests.vnext.test_acceptance_contracts" name="test_manifest_refuses_unsafe_or_malformed_settings[refine_every_episodes = 20-refine_every_orders = 20-unknown policy]" time="0.001" /><testcase classname="tests.vnext.test_acceptance_contracts" name="test_annotations_reject_unbounded_or_non_json_payloads" time="0.000" /><testcase classname="tests.vnext.test_acceptance_contracts" name="test_runtime_integrity_1_confines_candidate_and_harness" time="0.002"><skipped type="pytest.xfail" message="Native harness isolation requires tested Seatbelt/container/VM gateway-only network and filesystem jail plus hard memory/storage limits; sandbox_apply is denied here. Candidate and Deno fixture harness permission probes pass." /></testcase><testcase classname="tests.vnext.test_acceptance_contracts" name="test_runtime_integrity_2_rejects_forged_facts_and_protected_feedback" time="88.821" /><testcase classname="tests.vnext.test_acceptance_contracts" name="test_runtime_integrity_3_retains_request_and_consumes_result_once" time="89.630" /><testcase classname="tests.vnext.test_acceptance_contracts" name="test_runtime_integrity_4_preserves_mutation_and_unresolved_obligation" time="2.070" /><testcase classname="tests.vnext.test_acceptance_contracts" name="test_runtime_integrity_5_replay_rejects_corruption_without_candidate_imports" time="0.178" /><testcase classname="tests.vnext.test_acceptance_contracts" name="test_runtime_integrity_1_candidate_and_fixture_harness_permissions" time="6.332" /><testcase classname="tests.vnext.test_adaptation" name="test_prompt_only_edit_changes_behavior" time="0.641" /><testcase classname="tests.vnext.test_adaptation" name="test_code_only_edit_changes_behavior" time="0.649" /><testcase classname="tests.vnext.test_adaptation" name="test_memory_write_persists_and_is_readable_next_episode" time="8.352" /><testcase classname="tests.vnext.test_adaptation" name="test_composite_activation_crash_is_atomic[accepted]" time="0.356" /><testcase classname="tests.vnext.test_adaptation" name="test_composite_activation_crash_is_atomic[activated]" time="0.368" /><testcase classname="tests.vnext.test_adaptation" name="test_restore_preserves_environment_and_accounting" time="2.465" /><testcase classname="tests.vnext.test_adaptation" name="test_invalid_proposal_rejected_without_activation[scope-out-of-editable-scope]" time="0.112" /><testcase classname="tests.vnext.test_adaptation" name="test_invalid_proposal_rejected_without_activation[revision-expected-revision]" time="0.106" /><testcase classname="tests.vnext.test_adaptation" name="test_invalid_proposal_rejected_without_activation[dependency-missing-dependency]" time="0.111" /><testcase classname="tests.vnext.test_adaptation" name="test_invalid_proposal_rejected_without_activation[capability-capabilities]" time="0.110" /><testcase classname="tests.vnext.test_adaptation" name="test_invalid_proposal_rejected_without_activation[structure-structure]" time="0.107" /><testcase classname="tests.vnext.test_adaptation" name="test_invalid_proposal_rejected_without_activation[path-path]" time="0.110" /><testcase classname="tests.vnext.test_adaptation" name="test_controller_edit_rejected_out_of_scope" time="0.108" /><testcase classname="tests.vnext.test_adaptation" name="test_bounded_controller_handover_is_atomic[accepted]" time="0.643" /><testcase classname="tests.vnext.test_adaptation" name="test_bounded_controller_handover_is_atomic[activated]" time="0.655" /><testcase classname="tests.vnext.test_adaptation" name="test_broken_controller_suspends_operator_restores_without_execution[function step(){throw Error(&quot;broken&quot;)}]" time="0.456" /><testcase classname="tests.vnext.test_adaptation" name="test_broken_controller_suspends_operator_restores_without_execution[function step(){while(true){}}]" time="1.440" /><testcase classname="tests.vnext.test_adaptation" name="test_broken_controller_suspends_operator_restores_without_execution[function step(){return {not:&quot;a step&quot;}}]" time="0.451" /><testcase classname="tests.vnext.test_adaptation" name="test_handover_rejects_pending_command_and_unconsumed_result" time="0.440" /><testcase classname="tests.vnext.test_adaptation" name="test_continual_refine_counter_replay_and_fresh_interpreter_purity" time="8.829" /><testcase classname="tests.vnext.test_adaptation" name="test_refiner_policy_decisions[keep]" time="0.437" /><testcase classname="tests.vnext.test_adaptation" name="test_refiner_policy_decisions[gather-more-evidence]" time="0.431" /><testcase classname="tests.vnext.test_adaptation" name="test_refiner_policy_decisions[restore]" time="0.563" /><testcase classname="tests.vnext.test_adaptation" name="test_evidence_intersects_feedback_and_grants_before_read[A-expected0]" time="0.111" /><testcase classname="tests.vnext.test_adaptation" name="test_evidence_intersects_feedback_and_grants_before_read[B-expected1]" time="0.107" /><testcase classname="tests.vnext.test_adaptation" name="test_memory_import_cannot_launder_provenance_or_scope" time="0.112" /><testcase classname="tests.vnext.test_adaptation" name="test_core_freeze_all_30_hashes_match" time="0.006" /><testcase classname="tests.vnext.test_adaptation" name="test_evaluate_fork_enactment_deferred" time="0.000"><skipped type="pytest.xfail" message="EvaluateFork enactment is deferred: a future approved verifier+supervisor change must authorize and charge fork effects; ExecuteEffect is currently the only chargeable authorization." /></testcase><testcase classname="tests.vnext.test_adaptation" name="test_refiner_crash_recovery_never_repeats_generation[external_return]" time="0.731" /><testcase classname="tests.vnext.test_adaptation" name="test_refiner_crash_recovery_never_repeats_generation[return_recorded]" time="0.755" /><testcase classname="tests.vnext.test_adaptation" name="test_refiner_crash_recovery_never_repeats_generation[settled]" time="0.740" /><testcase classname="tests.vnext.test_adaptation" name="test_refiner_crash_recovery_never_repeats_generation[activated]" time="0.749" /><testcase classname="tests.vnext.test_adaptation" name="test_development_check_is_optional_and_can_gather_more_evidence" time="1.230" /><testcase classname="tests.vnext.test_adaptation" name="test_validation_provenance_survives_summary_and_import" time="0.503" /><testcase classname="tests.vnext.test_adaptation" name="test_validation_operation_observation_does_not_become_development[A-False]" time="0.215" /><testcase classname="tests.vnext.test_adaptation" name="test_validation_operation_observation_does_not_become_development[B-True]" time="0.204" /><testcase classname="tests.vnext.test_adaptation" name="test_actor_action_is_not_rerun_after_committed_step_crash" time="2.028" /><testcase classname="tests.vnext.test_adaptation" name="test_stripping_handover_state_cannot_activate" time="0.142" /><testcase classname="tests.vnext.test_adaptation" name="test_refiner_must_match_retained_model_binding" time="0.107" /><testcase classname="tests.vnext.test_adaptation" name="test_binary_memory_is_retained_as_file_data_in_refiner_context" time="0.400" /><testcase classname="tests.vnext.test_adaptation" name="test_open_annotation_payload_cannot_break_policy_decision_lookup" time="0.364" /><testcase classname="tests.vnext.test_audit_workflow" name="test_audit_requires_freeze_and_exports_only_after_procedure" time="35.493" /><testcase classname="tests.vnext.test_audit_workflow" name="test_invalid_selection_rejected_before_any_run" time="0.002" /><testcase classname="tests.vnext.test_benchmark_purity" name="test_static_verifier_import_boundary_and_unchanged_codec_registry" time="0.014" /><testcase classname="tests.vnext.test_benchmark_purity" name="test_completed_benchmark_replays_without_adapter_imports[state-False]" time="1.506" /><testcase classname="tests.vnext.test_benchmark_purity" name="test_completed_benchmark_replays_without_adapter_imports[state-True]" time="1.579" /><testcase classname="tests.vnext.test_benchmark_purity" name="test_completed_benchmark_replays_without_adapter_imports[receipt-False]" time="1.524" /><testcase classname="tests.vnext.test_benchmark_purity" name="test_completed_benchmark_replays_without_adapter_imports[receipt-True]" time="1.487" /><testcase classname="tests.vnext.test_benchmark_qualification" name="test_full_fixture_inventory_and_deterministic_whole_group_partition" time="0.009" /><testcase classname="tests.vnext.test_benchmark_qualification" name="test_qualification_hard_stops_with_exact_ids[nl-0]" time="0.004" /><testcase classname="tests.vnext.test_benchmark_qualification" name="test_qualification_hard_stops_with_exact_ids[unknown-0]" time="0.004" /><testcase classname="tests.vnext.test_benchmark_qualification" name="test_qualification_hard_stops_with_exact_ids[assertion-0]" time="0.003" /><testcase classname="tests.vnext.test_benchmark_qualification" name="test_qualification_hard_stops_with_exact_ids[missing_criteria-0]" time="0.003" /><testcase classname="tests.vnext.test_benchmark_qualification" name="test_qualification_hard_stops_with_exact_ids[duplicate-0]" time="0.004" /><testcase classname="tests.vnext.test_benchmark_qualification" name="test_qualification_hard_stops_with_exact_ids[missing-missing]" time="0.004" /><testcase classname="tests.vnext.test_benchmark_qualification" name="test_qualification_hard_stops_with_exact_ids[crossing-74]" time="0.004" /><testcase classname="tests.vnext.test_benchmark_qualification" name="test_qualification_hard_stops_with_exact_ids[partition-0]" time="0.004" /><testcase classname="tests.vnext.test_benchmark_qualification" name="test_qualification_hard_stops_with_exact_ids[gold-0]" time="0.004" /><testcase classname="tests.vnext.test_benchmark_qualification" name="test_qualification_hard_stops_with_exact_ids[extra_nl-extra]" time="0.004" /><testcase classname="tests.vnext.test_benchmark_qualification" name="test_connected_transitive_groups" time="0.006" /><testcase classname="tests.vnext.test_benchmark_qualification" name="test_retained_closure_detects_altered_bytes[tasks]" time="0.016" /><testcase classname="tests.vnext.test_benchmark_qualification" name="test_retained_closure_detects_altered_bytes[policies]" time="0.014" /><testcase classname="tests.vnext.test_benchmark_qualification" name="test_retained_closure_detects_altered_bytes[scorer]" time="0.014" /><testcase classname="tests.vnext.test_benchmark_qualification" name="test_retained_closure_detects_altered_bytes[dependencies]" time="0.014" /><testcase classname="tests.vnext.test_benchmark_qualification" name="test_materialized_data_requires_exact_retained_bytes" time="0.004" /><testcase classname="tests.vnext.test_benchmarks" name="test_real_mutation_reconcile_and_operator_restore[agent]" time="1.031" /><testcase classname="tests.vnext.test_benchmarks" name="test_real_mutation_reconcile_and_operator_restore[user]" time="1.047" /><testcase classname="tests.vnext.test_benchmarks" name="test_forged_facts_guarantee_2" time="0.603" /><testcase classname="tests.vnext.test_benchmarks" name="test_transaction_crash_and_verified_lookup[before-commit]" time="0.452" /><testcase classname="tests.vnext.test_benchmarks" name="test_transaction_crash_and_verified_lookup[after-commit]" time="0.491" /><testcase classname="tests.vnext.test_benchmarks" name="test_store_dedup_fencing_corruption_and_no_rewind" time="0.489" /><testcase classname="tests.vnext.test_benchmarks" name="test_state_supported_scoring[False-agent_stop-0]" time="0.926" /><testcase classname="tests.vnext.test_benchmarks" name="test_state_supported_scoring[True-agent_stop-1]" time="1.387" /><testcase classname="tests.vnext.test_benchmarks" name="test_state_supported_scoring[True-budget_exhausted-0]" time="1.323" /><testcase classname="tests.vnext.test_benchmarks" name="test_state_supported_scoring[True-max_steps-0]" time="1.277" /><testcase classname="tests.vnext.test_benchmarks" name="test_action_comparator_quirks[expected0-actual0-None-True]" time="0.000" /><testcase classname="tests.vnext.test_benchmarks" name="test_action_comparator_quirks[expected1-actual1-compare1-True]" time="0.000" /><testcase classname="tests.vnext.test_benchmarks" name="test_action_comparator_quirks[expected2-actual2-None-True]" time="0.000" /><testcase classname="tests.vnext.test_benchmarks" name="test_action_comparator_quirks[expected3-actual3-None-False]" time="0.000" /><testcase classname="tests.vnext.test_benchmarks" name="test_action_comparator_quirks[expected4-actual4-compare4-True]" time="0.000" /><testcase classname="tests.vnext.test_benchmarks" name="test_dynamic_admission_rejects_forged_scopes_and_protected_reads" time="0.472" /><testcase classname="tests.vnext.test_benchmarks" name="test_user_batch_restart_uses_captured_generation_once" time="2.491" /><testcase classname="tests.vnext.test_benchmarks" name="test_committed_replayed_state_divergence_is_invalid" time="0.887" /><testcase classname="tests.vnext.test_benchmarks" name="test_synthetic_reward_components_preserve_upstream_rules[basis0-You have 1,000 MB-actions0-1]" time="0.200" /><testcase classname="tests.vnext.test_benchmarks" name="test_synthetic_reward_components_preserve_upstream_rules[basis1-You have 999 MB-actions1-0]" time="0.186" /><testcase classname="tests.vnext.test_benchmarks" name="test_synthetic_reward_components_preserve_upstream_rules[basis2--actions2-1]" time="0.190" /><testcase classname="tests.vnext.test_benchmarks" name="test_synthetic_reward_components_preserve_upstream_rules[basis3--actions3-0]" time="0.190" /><testcase classname="tests.vnext.test_benchmarks" name="test_synthetic_reward_components_preserve_upstream_rules[basis4--actions4-1]" time="0.203" /><testcase classname="tests.vnext.test_benchmarks" name="test_corrupt_receipt_and_missing_store_cannot_prove_absence" time="0.285" /><testcase classname="tests.vnext.test_benchmarks" name="test_scoped_admission_checks_every_request_dimension[destination]" time="0.276" /><testcase classname="tests.vnext.test_benchmarks" name="test_scoped_admission_checks_every_request_dimension[operation]" time="0.292" /><testcase classname="tests.vnext.test_benchmarks" name="test_scoped_admission_checks_every_request_dimension[scope]" time="0.327" /><testcase classname="tests.vnext.test_benchmarks" name="test_scoped_admission_checks_every_request_dimension[schema]" time="0.334" /><testcase classname="tests.vnext.test_benchmarks" name="test_scoped_admission_checks_every_request_dimension[bound]" time="0.331" /><testcase classname="tests.vnext.test_benchmarks" name="test_task_reward_bytes_cannot_drift_from_qualified_inventory" time="0.204" /><testcase classname="tests.vnext.test_harness" name="test_fixture_backend_returns_typed_proposal[opencode]" time="7.630" /><testcase classname="tests.vnext.test_harness" name="test_fixture_backend_returns_typed_proposal[codex]" time="7.139" /><testcase classname="tests.vnext.test_harness" name="test_fixture_backend_returns_typed_proposal[claude-code]" time="7.325" /><testcase classname="tests.vnext.test_harness" name="test_opencode_codex_parity[None]" time="14.561" /><testcase classname="tests.vnext.test_harness" name="test_opencode_codex_parity[upstream-return-before-spool]" time="16.039" /><testcase classname="tests.vnext.test_harness" name="test_opencode_codex_parity[response-spooled]" time="15.975" /><testcase classname="tests.vnext.test_harness" name="test_opencode_codex_parity[harness-return-recorded]" time="15.954" /><testcase classname="tests.vnext.test_harness" name="test_gateway_denies_hidden_calls_tools_options[second]" time="7.803" /><testcase classname="tests.vnext.test_harness" name="test_gateway_denies_hidden_calls_tools_options[retry]" time="8.129" /><testcase classname="tests.vnext.test_harness" name="test_gateway_denies_hidden_calls_tools_options[title]" time="8.069" /><testcase classname="tests.vnext.test_harness" name="test_gateway_denies_hidden_calls_tools_options[compaction]" time="8.145" /><testcase classname="tests.vnext.test_harness" name="test_gateway_denies_hidden_calls_tools_options[subagent]" time="8.175" /><testcase classname="tests.vnext.test_harness" name="test_gateway_denies_hidden_calls_tools_options[auxiliary_first]" time="7.691" /><testcase classname="tests.vnext.test_harness" name="test_gateway_denies_hidden_calls_tools_options[tools]" time="7.404" /><testcase classname="tests.vnext.test_harness" name="test_gateway_denies_hidden_calls_tools_options[hosted_tools]" time="7.415" /><testcase classname="tests.vnext.test_harness" name="test_gateway_denies_hidden_calls_tools_options[wrong_model]" time="7.513" /><testcase classname="tests.vnext.test_harness" name="test_gateway_denies_hidden_calls_tools_options[oversize]" time="7.427" /><testcase classname="tests.vnext.test_harness" name="test_gateway_denies_hidden_calls_tools_options[billing]" time="7.246" /><testcase classname="tests.vnext.test_harness" name="test_gateway_denies_hidden_calls_tools_options[session]" time="7.242" /><testcase classname="tests.vnext.test_harness" name="test_fixture_process_denies_files_network_tools_credentials" time="6.096" /><testcase classname="tests.vnext.test_harness" name="test_usage_uses_provider_receipt_not_harness_totals[complete]" time="6.037" /><testcase classname="tests.vnext.test_harness" name="test_usage_uses_provider_receipt_not_harness_totals[partial]" time="6.062" /><testcase classname="tests.vnext.test_harness" name="test_usage_uses_provider_receipt_not_harness_totals[missing]" time="17.315" /><testcase classname="tests.vnext.test_harness" name="test_usage_uses_provider_receipt_not_harness_totals[overrun]" time="6.264" /><testcase classname="tests.vnext.test_harness" name="test_model_echo_is_not_observed_identity[None]" time="6.680" /><testcase classname="tests.vnext.test_harness" name="test_model_echo_is_not_observed_identity[unexpected-revision]" time="6.573" /><testcase classname="tests.vnext.test_harness" name="test_bad_harness_output_still_settles_known_usage[malformed]" time="5.985" /><testcase classname="tests.vnext.test_harness" name="test_bad_harness_output_still_settles_known_usage[forged_output]" time="6.129" /><testcase classname="tests.vnext.test_harness" name="test_bad_harness_output_still_settles_known_usage[crash_after_response]" time="6.045" /><testcase classname="tests.vnext.test_harness" name="test_process_gateway_crash_boundaries[launch-retained]" time="7.447" /><testcase classname="tests.vnext.test_harness" name="test_process_gateway_crash_boundaries[process-started]" time="7.439" /><testcase classname="tests.vnext.test_harness" name="test_process_gateway_crash_boundaries[wire-retained]" time="7.675" /><testcase classname="tests.vnext.test_harness" name="test_process_gateway_crash_boundaries[upstream-before-send]" time="6.966" /><testcase classname="tests.vnext.test_harness" name="test_process_gateway_crash_boundaries[upstream-return-before-spool]" time="8.025" /><testcase classname="tests.vnext.test_harness" name="test_process_gateway_crash_boundaries[response-spooled]" time="7.890" /><testcase classname="tests.vnext.test_harness" name="test_process_gateway_crash_boundaries[harness-return-recorded]" time="8.064" /><testcase classname="tests.vnext.test_harness" name="test_supervisor_consumes_gateway_result_once[external_return]" time="8.578" /><testcase classname="tests.vnext.test_harness" name="test_supervisor_consumes_gateway_result_once[return_recorded]" time="7.625" /><testcase classname="tests.vnext.test_harness" name="test_supervisor_consumes_gateway_result_once[settled]" time="7.326" /><testcase classname="tests.vnext.test_harness" name="test_supervisor_consumes_gateway_result_once[continuation]" time="7.573" /><testcase classname="tests.vnext.test_harness" name="test_unverified_provider_recovery_never_queries_or_retries" time="7.499" /><testcase classname="tests.vnext.test_harness" name="test_nondeterministic_decoder_preserves_incomplete" time="7.693" /><testcase classname="tests.vnext.test_harness" name="test_core_unchanged_and_adapters_selected_by_manifest" time="0.003"><failure message="AssertionError: assert {'src/strive/...fy/engine.py'} == {'src/strive/...fy/engine.py'}&#10;  &#10;  Extra items in the left set:&#10;  'src/strive/vnext/contracts/manifest.py'&#10;  Use -v to get more diff">tmp_path = PosixPath('/Users/nikhil/personal/hatch/strive/langfuse-profile-trim/pytest-tmp/test_core_unchanged_and_adapte0')

    def test_core_unchanged_and_adapters_selected_by_manifest(tmp_path: Path) -&gt; None:
        root = Path(__file__).resolve().parents[2]
        baseline = json.loads((root / "harness-qualification/core-baseline.json").read_text())
        # Amendment 2 explicitly approves scoped admission and suspended operator
        # restoration. Preserve M4's baseline for every other core file.
        m5 = json.loads((root / "m5-investigation/second-benchmark-core-freeze.json").read_text())
        approved = {"src/strive/vnext/runtime/broker.py", "src/strive/vnext/runtime/supervisor.py",
                    "src/strive/vnext/verify/engine.py"}
&gt;       assert {name for name in baseline if baseline[name] != m5[name]} == approved
E       AssertionError: assert {'src/strive/...fy/engine.py'} == {'src/strive/...fy/engine.py'}
E         
E         Extra items in the left set:
E         'src/strive/vnext/contracts/manifest.py'
E         Use -v to get more diff

tests/vnext/test_harness.py:269: AssertionError</failure></testcase><testcase classname="tests.vnext.test_harness" name="test_installed_cli_local_drive[opencode-opencode-1.17.18]" time="0.002"><skipped type="pytest.skip" message="opencode: Native CLI qualification requires a tested OS process-tree jail with per-process gateway-only network, filesystem and keychain denial, hard memory and aggregate storage limits; this host rejects Seatbelt sandbox_apply: Operation not permitted; native profile has not passed a single-request drive">/Users/nikhil/personal/hatch/strive/tests/vnext/test_harness.py:295: opencode: Native CLI qualification requires a tested OS process-tree jail with per-process gateway-only network, filesystem and keychain denial, hard memory and aggregate storage limits; this host rejects Seatbelt sandbox_apply: Operation not permitted; native profile has not passed a single-request drive</skipped></testcase><testcase classname="tests.vnext.test_harness" name="test_installed_cli_local_drive[codex-codex-0.153.4]" time="0.002"><skipped type="pytest.skip" message="codex: Native CLI qualification requires a tested OS process-tree jail with per-process gateway-only network, filesystem and keychain denial, hard memory and aggregate storage limits; this host rejects Seatbelt sandbox_apply: Operation not permitted; native profile has not passed a single-request drive">/Users/nikhil/personal/hatch/strive/tests/vnext/test_harness.py:295: codex: Native CLI qualification requires a tested OS process-tree jail with per-process gateway-only network, filesystem and keychain denial, hard memory and aggregate storage limits; this host rejects Seatbelt sandbox_apply: Operation not permitted; native profile has not passed a single-request drive</skipped></testcase><testcase classname="tests.vnext.test_harness" name="test_installed_cli_local_drive[claude-code-claude-2.1.263]" time="0.001"><skipped type="pytest.skip" message="claude-code: Native CLI qualification requires a tested OS process-tree jail with per-process gateway-only network, filesystem and keychain denial, hard memory and aggregate storage limits; this host rejects Seatbelt sandbox_apply: Operation not permitted; native profile has not passed a single-request drive">/Users/nikhil/personal/hatch/strive/tests/vnext/test_harness.py:295: claude-code: Native CLI qualification requires a tested OS process-tree jail with per-process gateway-only network, filesystem and keychain denial, hard memory and aggregate storage limits; this host rejects Seatbelt sandbox_apply: Operation not permitted; native profile has not passed a single-request drive</skipped></testcase><testcase classname="tests.vnext.test_harness" name="test_funded_live_smoke[opencode]" time="0.000"><skipped type="pytest.skip" message="funded live smoke: human must set a budget ceiling, provide a qualified OS jail and explicitly enable a separate funded runner; deterministic CI never uses provider credentials">/Users/nikhil/personal/hatch/strive/tests/vnext/test_harness.py:298: funded live smoke: human must set a budget ceiling, provide a qualified OS jail and explicitly enable a separate funded runner; deterministic CI never uses provider credentials</skipped></testcase><testcase classname="tests.vnext.test_harness" name="test_funded_live_smoke[codex]" time="0.000"><skipped type="pytest.skip" message="funded live smoke: human must set a budget ceiling, provide a qualified OS jail and explicitly enable a separate funded runner; deterministic CI never uses provider credentials">/Users/nikhil/personal/hatch/strive/tests/vnext/test_harness.py:298: funded live smoke: human must set a budget ceiling, provide a qualified OS jail and explicitly enable a separate funded runner; deterministic CI never uses provider credentials</skipped></testcase><testcase classname="tests.vnext.test_harness" name="test_funded_live_smoke[claude-code]" time="0.000"><skipped type="pytest.skip" message="funded live smoke: human must set a budget ceiling, provide a qualified OS jail and explicitly enable a separate funded runner; deterministic CI never uses provider credentials">/Users/nikhil/personal/hatch/strive/tests/vnext/test_harness.py:298: funded live smoke: human must set a budget ceiling, provide a qualified OS jail and explicitly enable a separate funded runner; deterministic CI never uses provider credentials</skipped></testcase><testcase classname="tests.vnext.test_harness" name="test_process_deadline_output_limit_and_early_exit[hang]" time="19.623" /><testcase classname="tests.vnext.test_harness" name="test_process_deadline_output_limit_and_early_exit[flood]" time="17.563" /><testcase classname="tests.vnext.test_harness" name="test_process_deadline_output_limit_and_early_exit[crash_before_call]" time="13.842" /><testcase classname="tests.vnext.test_harness" name="test_model_mismatch_still_records_real_usage_and_overrun" time="7.250" /><testcase classname="tests.vnext.test_harness_gateway" name="test_capability_stale_epoch_expiry_and_revocation" time="2.348" /><testcase classname="tests.vnext.test_harness_gateway" name="test_atomic_single_dispatch_across_gateway_connections" time="2.660" /><testcase classname="tests.vnext.test_harness_gateway" name="test_no_dispatch_proof_revokes_and_is_repeatable" time="2.360" /><testcase classname="tests.vnext.test_harness_gateway" name="test_denied_request_burns_capability_before_replacement" time="2.664" /><testcase classname="tests.vnext.test_harness_gateway" name="test_strict_wire_protocol[{&quot;model&quot;:&quot;a&quot;,&quot;model&quot;:&quot;b&quot;}]" time="1.879" /><testcase classname="tests.vnext.test_harness_gateway" name="test_strict_wire_protocol[{&quot;model&quot;:NaN}]" time="1.955" /><testcase classname="tests.vnext.test_harness_gateway" name="test_strict_wire_protocol[[]]" time="1.860" /><testcase classname="tests.vnext.test_harness_gateway" name="test_strict_wire_protocol[{&quot;model&quot;:&quot;recorded-model&quot;,&quot;max_output_tokens&quot;:true,&quot;input&quot;:&quot;text&quot;}]" time="1.839" /><testcase classname="tests.vnext.test_harness_gateway" name="test_strict_wire_protocol[{&quot;model&quot;:&quot;recorded-model&quot;,&quot;max_output_tokens&quot;:64,&quot;input&quot;:[{&quot;role&quot;:&quot;user&quot;,&quot;content&quot;:[{&quot;type&quot;:&quot;input_image&quot;,&quot;image_url&quot;:&quot;https://example.com&quot;}]}]}]" time="1.867" /><testcase classname="tests.vnext.test_harness_gateway" name="test_prepare_rejects_unbounded_profile_settings_and_scope" time="3.002" /><testcase classname="tests.vnext.test_harness_gateway" name="test_request_and_response_evidence_distinguishes_context" time="6.358" /><testcase classname="tests.vnext.test_harness_gateway" name="test_stale_receipt_and_duplicate_settlement_cannot_consume_again" time="7.834" /><testcase classname="tests.vnext.test_harness_gateway" name="test_no_launch_restart_requires_new_epoch_and_effect" time="10.516" /><testcase classname="tests.vnext.test_harness_gateway" name="test_native_admission_fails_before_process_or_capability" time="2.917" /><testcase classname="tests.vnext.test_harness_gateway" name="test_http_gateway_local_transport_when_socket_bind_permitted" time="2.362"><skipped type="pytest.skip" message="host denies localhost TCP bind: [Errno 1] Operation not permitted; pipe gateway is exercised by real-process tests">/Users/nikhil/personal/hatch/strive/tests/vnext/test_harness_gateway.py:203: host denies localhost TCP bind: [Errno 1] Operation not permitted; pipe gateway is exercised by real-process tests</skipped></testcase><testcase classname="tests.vnext.test_harness_gateway" name="test_harness_history_replays_in_fresh_pure_interpreter" time="6.696" /><testcase classname="tests.vnext.test_harness_gateway" name="test_http_provider_owns_credentials_fixed_route_and_never_retries" time="1.908" /><testcase classname="tests.vnext.test_harness_gateway" name="test_recovery_revokes_then_terminates_identified_old_process" time="2.570" /><testcase classname="tests.vnext.test_harness_gateway" name="test_recovery_never_signals_a_reused_process_id" time="2.321" /><testcase classname="tests.vnext.test_harness_gateway" name="test_revocation_between_admission_and_send_prevents_upstream" time="2.267" /><testcase classname="tests.vnext.test_harness_gateway" name="test_gateway_contract_change_cannot_resume_old_capability" time="2.294" /><testcase classname="tests.vnext.test_harness_gateway" name="test_registered_implementation_source_is_part_of_adapter_pin" time="2.084" /><testcase classname="tests.vnext.test_harness_gateway" name="test_profile_cannot_weaken_mechanical_deno_permissions" time="2.909" /><testcase classname="tests.vnext.test_harness_gateway" name="test_frozen_effect_scoped_gateway_interface_uses_same_single_dispatch" time="2.585" /><testcase classname="tests.vnext.test_live_inspection" name="test_live_follow_and_projector_use_verified_complete_prefix" time="0.413" /><testcase classname="tests.vnext.test_live_inspection" name="test_partial_tail_visible_but_committed_corruption_rejected" time="0.332" /><testcase classname="tests.vnext.test_manifest_validation" name="test_resolved_manifest_requires_recovery_supported_by_pinned_adapter" time="0.001" /><testcase classname="tests.vnext.test_manifest_validation" name="test_resolved_manifest_requires_suspend_capability_for_suspend_if_ambiguous" time="0.001" /><testcase classname="tests.vnext.test_manifest_validation" name="test_resolved_manifest_keeps_harness_and_provider_seed_support_separate" time="0.001" /><testcase classname="tests.vnext.test_manifest_validation" name="test_resolved_manifest_rejects_missing_or_conflicting_model_resolution" time="0.001" /><testcase classname="tests.vnext.test_manifest_validation" name="test_resolved_manifest_charges_enabled_phases_outside_policy_defaults" time="0.001" /><testcase classname="tests.vnext.test_manifest_validation" name="test_policy_parameters_require_the_pinned_validator_without_opening_core_tables" time="0.001" /><testcase classname="tests.vnext.test_manifest_validation" name="test_a_can_omit_validation_while_b_requires_an_explicit_pool" time="0.001" /><testcase classname="tests.vnext.test_manifest_validation" name="test_direct_provider_bindings_do_not_require_a_harness_table" time="0.001" /><testcase classname="tests.vnext.test_manifest_validation" name="test_backend_names_are_registry_keys_not_a_closed_enum" time="0.001" /><testcase classname="tests.vnext.test_manifest_validation" name="test_money_does_not_round_under_the_callers_decimal_context" time="0.000" /><testcase classname="tests.vnext.test_manifest_validation" name="test_manifest_rejects_each_missing_required_key[run-mode]" time="0.000" /><testcase classname="tests.vnext.test_manifest_validation" name="test_manifest_rejects_each_missing_required_key[run-editable]" time="0.000" /><testcase classname="tests.vnext.test_manifest_validation" name="test_manifest_rejects_each_missing_required_key[run-capabilities]" time="0.001" /><testcase classname="tests.vnext.test_manifest_validation" name="test_manifest_rejects_each_missing_required_key[pins-runtime]" time="0.001" /><testcase classname="tests.vnext.test_manifest_validation" name="test_manifest_rejects_each_missing_required_key[pins-verifier]" time="0.001" /><testcase classname="tests.vnext.test_manifest_validation" name="test_manifest_rejects_each_missing_required_key[pins-adapters]" time="0.001" /><testcase classname="tests.vnext.test_manifest_validation" name="test_manifest_rejects_each_missing_required_key[pins-scorer]" time="0.000" /><testcase classname="tests.vnext.test_manifest_validation" name="test_manifest_rejects_each_missing_required_key[pins-initial_bundle]" time="0.001" /><testcase classname="tests.vnext.test_manifest_validation" name="test_manifest_rejects_each_missing_required_key[pins-model_gateway]" time="0.000" /><testcase classname="tests.vnext.test_manifest_validation" name="test_manifest_rejects_each_missing_required_key[policy-package]" time="0.000" /><testcase classname="tests.vnext.test_manifest_validation" name="test_manifest_rejects_each_missing_required_key[policy-entrypoint]" time="0.000" /><testcase classname="tests.vnext.test_manifest_validation" name="test_manifest_rejects_each_missing_required_key[workload-implementation]" time="0.000" /><testcase classname="tests.vnext.test_manifest_validation" name="test_manifest_rejects_each_missing_required_key[workload-initial_snapshot]" time="0.001" /><testcase classname="tests.vnext.test_manifest_validation" name="test_manifest_rejects_each_missing_required_key[workload-task_stream]" time="0.000" /><testcase classname="tests.vnext.test_manifest_validation" name="test_manifest_rejects_each_missing_required_key[workload-dev_corpus]" time="0.000" /><testcase classname="tests.vnext.test_manifest_validation" name="test_manifest_rejects_each_missing_required_key[feedback-contract]" time="0.001" /><testcase classname="tests.vnext.test_manifest_validation" name="test_manifest_rejects_each_missing_required_key[feedback-operational_failures_visible]" time="0.001" /><testcase classname="tests.vnext.test_manifest_validation" name="test_manifest_rejects_each_missing_required_key[feedback-audit_plan]" time="0.001" /><testcase classname="tests.vnext.test_manifest_validation" name="test_manifest_rejects_each_missing_required_key[feedback-audit_release]" time="0.000" /><testcase classname="tests.vnext.test_manifest_validation" name="test_manifest_rejects_each_missing_required_key[comparison-strictness]" time="0.000" /><testcase classname="tests.vnext.test_manifest_validation" name="test_manifest_rejects_each_missing_required_key[comparison-plan]" time="0.001" /><testcase classname="tests.vnext.test_manifest_validation" name="test_manifest_rejects_each_missing_required_key[comparison-allowed_differences]" time="0.000" /><testcase classname="tests.vnext.test_manifest_validation" name="test_manifest_rejects_each_missing_required_key[models.actor-provider]" time="0.001" /><testcase classname="tests.vnext.test_manifest_validation" name="test_manifest_rejects_each_missing_required_key[models.actor-model]" time="0.001" /><testcase classname="tests.vnext.test_manifest_validation" name="test_manifest_rejects_each_missing_required_key[models.actor-request_options]" time="0.000" /><testcase classname="tests.vnext.test_manifest_validation" name="test_manifest_rejects_each_missing_required_key[models.actor-max_input_tokens]" time="0.000" /><testcase classname="tests.vnext.test_manifest_validation" name="test_manifest_rejects_each_missing_required_key[models.actor-max_output_tokens]" time="0.000" /><testcase classname="tests.vnext.test_manifest_validation" name="test_manifest_rejects_each_missing_required_key[models.actor-fallback]" time="0.000" /><testcase classname="tests.vnext.test_manifest_validation" name="test_manifest_rejects_each_missing_required_key[harnesses.opencode-interface]" time="0.000" /><testcase classname="tests.vnext.test_manifest_validation" name="test_manifest_rejects_each_missing_required_key[harnesses.opencode-backend]" time="0.001" /><testcase classname="tests.vnext.test_manifest_validation" name="test_manifest_rejects_each_missing_required_key[harnesses.opencode-adapter]" time="0.001" /><testcase classname="tests.vnext.test_manifest_validation" name="test_manifest_rejects_each_missing_required_key[harnesses.opencode-executable]" time="0.001" /><testcase classname="tests.vnext.test_manifest_validation" name="test_manifest_rejects_each_missing_required_key[harnesses.opencode-version]" time="0.001" /><testcase classname="tests.vnext.test_manifest_validation" name="test_manifest_rejects_each_missing_required_key[harnesses.opencode-level]" time="0.001" /><testcase classname="tests.vnext.test_manifest_validation" name="test_manifest_rejects_each_missing_required_key[harnesses.opencode-launch_profile]" time="0.001" /><testcase classname="tests.vnext.test_manifest_validation" name="test_manifest_rejects_each_missing_required_key[harnesses.opencode-sandbox_profile]" time="0.001" /><testcase classname="tests.vnext.test_manifest_validation" name="test_manifest_rejects_each_missing_required_key[harnesses.opencode-model_transport]" time="0.001" /><testcase classname="tests.vnext.test_manifest_validation" name="test_manifest_rejects_each_missing_required_key[harnesses.opencode-native_tools]" time="0.001" /><testcase classname="tests.vnext.test_manifest_validation" name="test_manifest_rejects_each_missing_required_key[harnesses.opencode-session_policy]" time="0.001" /><testcase classname="tests.vnext.test_manifest_validation" name="test_manifest_rejects_each_missing_required_key[harnesses.opencode-max_provider_requests]" time="0.001" /><testcase classname="tests.vnext.test_manifest_validation" name="test_manifest_rejects_each_missing_required_key[harnesses.opencode-deadline_seconds]" time="0.001" /><testcase classname="tests.vnext.test_manifest_validation" name="test_manifest_rejects_each_missing_required_key[seeds-workload]" time="0.001" /><testcase classname="tests.vnext.test_manifest_validation" name="test_manifest_rejects_each_missing_required_key[seeds-policy]" time="0.001" /><testcase classname="tests.vnext.test_manifest_validation" name="test_manifest_rejects_each_missing_required_key[budget-usd]" time="0.001" /><testcase classname="tests.vnext.test_manifest_validation" name="test_manifest_rejects_each_missing_required_key[budget-tokens]" time="0.001" /><testcase classname="tests.vnext.test_manifest_validation" name="test_manifest_rejects_each_missing_required_key[budget-model_calls]" time="0.001" /><testcase classname="tests.vnext.test_manifest_validation" name="test_manifest_rejects_each_missing_required_key[budget-wall_seconds]" time="0.001" /><testcase classname="tests.vnext.test_manifest_validation" name="test_manifest_rejects_each_missing_required_key[budget-price_schedule]" time="0.001" /><testcase classname="tests.vnext.test_manifest_validation" name="test_manifest_rejects_each_missing_required_key[budget-includes]" time="0.001" /><testcase classname="tests.vnext.test_manifest_validation" name="test_manifest_rejects_each_missing_required_key[recovery.&quot;model.generate&quot;-strategy]" time="0.001" /><testcase classname="tests.vnext.test_manifest_validation" name="test_manifest_rejects_each_missing_required_key[recovery.&quot;model.generate&quot;-native_session_resume]" time="0.001" /><testcase classname="tests.vnext.test_manifest_validation" name="test_manifest_rejects_each_missing_required_key[recovery.&quot;model.generate&quot;-automatic_redispatch]" time="0.001" /><testcase classname="tests.vnext.test_manifest_validation" name="test_manifest_rejects_each_missing_required_key[recovery.&quot;model.generate&quot;-unknown_usage]" time="0.001" /><testcase classname="tests.vnext.test_manifest_validation" name="test_manifest_rejects_each_missing_required_key[telemetry-semconv]" time="0.001" /><testcase classname="tests.vnext.test_manifest_validation" name="test_manifest_rejects_each_missing_required_key[telemetry-profile]" time="0.001" /><testcase classname="tests.vnext.test_manifest_validation" name="test_manifest_rejects_each_missing_required_key[telemetry-content_export]" time="0.001" /><testcase classname="tests.vnext.test_manifest_validation" name="test_manifest_rejects_each_missing_required_key[telemetry-sampling]" time="0.001" /><testcase classname="tests.vnext.test_runtime" name="test_crash_and_recover_every_effect_boundary[accepted]" time="0.126" /><testcase classname="tests.vnext.test_runtime" name="test_crash_and_recover_every_effect_boundary[authorized]" time="0.064" /><testcase classname="tests.vnext.test_runtime" name="test_crash_and_recover_every_effect_boundary[dispatch]" time="0.076" /><testcase classname="tests.vnext.test_runtime" name="test_crash_and_recover_every_effect_boundary[external_return]" time="0.128" /><testcase classname="tests.vnext.test_runtime" name="test_crash_and_recover_every_effect_boundary[return_recorded]" time="0.123" /><testcase classname="tests.vnext.test_runtime" name="test_crash_and_recover_every_effect_boundary[settled]" time="0.123" /><testcase classname="tests.vnext.test_runtime" name="test_continuation_consumes_result_and_next_command_atomically" time="0.279" /><testcase classname="tests.vnext.test_runtime" name="test_unsupported_ambiguity_retains_reservation_even_after_real_mutation" time="0.080" /><testcase classname="tests.vnext.test_runtime" name="test_business_deduplication_does_not_authorize_paid_retry" time="0.072" /><testcase classname="tests.vnext.test_runtime" name="test_broker_rejects_unauthorized_requests[destination]" time="0.015" /><testcase classname="tests.vnext.test_runtime" name="test_broker_rejects_unauthorized_requests[scope]" time="0.015" /><testcase classname="tests.vnext.test_runtime" name="test_broker_rejects_unauthorized_requests[operation]" time="0.015" /><testcase classname="tests.vnext.test_runtime" name="test_broker_rejects_unauthorized_requests[arguments]" time="0.014" /><testcase classname="tests.vnext.test_runtime" name="test_broker_rejects_unauthorized_requests[inputs]" time="0.014" /><testcase classname="tests.vnext.test_runtime" name="test_broker_rejects_unauthorized_requests[binding]" time="0.014" /><testcase classname="tests.vnext.test_runtime" name="test_reservation_over_limit_rejected_without_dispatch" time="0.013" /><testcase classname="tests.vnext.test_runtime" name="test_candidate_cannot_underreport_usage_with_annotations" time="0.101" /><testcase classname="tests.vnext.test_runtime" name="test_stale_result_suspends_and_keeps_reservation" time="0.060" /><testcase classname="tests.vnext.test_runtime" name="test_old_writer_and_stale_step_are_rejected" time="0.029" /><testcase classname="tests.vnext.test_runtime" name="test_overrun_is_recorded_and_stops_further_dispatch" time="0.115" /><testcase classname="tests.vnext.test_runtime" name="test_partial_usage_late_receipt_after_finish_never_reopens_result" time="0.195" /><testcase classname="tests.vnext.test_runtime" name="test_missing_usage_carries_obligation_into_next_admission" time="0.116" /><testcase classname="tests.vnext.test_runtime" name="test_operator_restore_uses_durable_command_preserves_accounting" time="0.247" /><testcase classname="tests.vnext.test_runtime" name="test_in_process_upstream_gate_retains_actual_request_and_denies_second" time="0.123" /><testcase classname="tests.vnext.test_runtime" name="test_all_authority_passes_replay_and_full_step_output_is_retained" time="0.102" /><testcase classname="tests.vnext.test_runtime" name="test_upstream_stage_crash_recovery[upstream_authorized]" time="0.080" /><testcase classname="tests.vnext.test_runtime" name="test_upstream_stage_crash_recovery[external_return]" time="0.118" /><testcase classname="tests.vnext.test_runtime" name="test_upstream_stage_crash_recovery[return_recorded]" time="0.115" /><testcase classname="tests.vnext.test_runtime" name="test_upstream_stage_crash_recovery[settled]" time="0.116" /><testcase classname="tests.vnext.test_runtime" name="test_durable_request_and_reservation_exist_inside_dispatch" time="0.060" /><testcase classname="tests.vnext.test_runtime" name="test_every_limited_resource_is_admitted_before_dispatch[model_calls-11]" time="0.011" /><testcase classname="tests.vnext.test_runtime" name="test_every_limited_resource_is_admitted_before_dispatch[usd_nanodollars-1000000000000000]" time="0.010" /><testcase classname="tests.vnext.test_runtime" name="test_every_limited_resource_is_admitted_before_dispatch[wall_milliseconds-1000000000000]" time="0.011" /><testcase classname="tests.vnext.test_runtime" name="test_every_limited_resource_is_admitted_before_dispatch[output_tokens-1001]" time="0.011" /><testcase classname="tests.vnext.test_runtime" name="test_same_component_partial_measurement_replaces_reservation" time="0.130" /><testcase classname="tests.vnext.test_runtime" name="test_overrun_at_settlement_crash_is_still_stopped_on_recovery" time="0.086" /><testcase classname="tests.vnext.test_runtime" name="test_late_overrun_keeps_finished_execution_closed" time="0.121" /><testcase classname="tests.vnext.test_runtime" name="test_late_overrun_preserves_accepted_command_without_dispatch" time="0.133" /><testcase classname="tests.vnext.test_runtime_sandbox" name="test_confined_candidate_step_connects_to_supervisor" time="0.492" /><testcase classname="tests.vnext.test_runtime_sandbox" name="test_candidate_cannot_access_host_authority_or_escape[credentials]" time="0.440" /><testcase classname="tests.vnext.test_runtime_sandbox" name="test_candidate_cannot_access_host_authority_or_escape[credential_file]" time="0.417" /><testcase classname="tests.vnext.test_runtime_sandbox" name="test_candidate_cannot_access_host_authority_or_escape[storage]" time="0.180" /><testcase classname="tests.vnext.test_runtime_sandbox" name="test_candidate_cannot_access_host_authority_or_escape[protected]" time="0.177" /><testcase classname="tests.vnext.test_runtime_sandbox" name="test_candidate_cannot_access_host_authority_or_escape[escape]" time="0.179" /><testcase classname="tests.vnext.test_runtime_sandbox" name="test_candidate_cannot_access_host_authority_or_escape[network]" time="0.179" /><testcase classname="tests.vnext.test_runtime_sandbox" name="test_candidate_cannot_access_host_authority_or_escape[socket]" time="0.175" /><testcase classname="tests.vnext.test_runtime_sandbox" name="test_candidate_cannot_access_host_authority_or_escape[unix_socket]" time="0.176" /><testcase classname="tests.vnext.test_runtime_sandbox" name="test_candidate_cannot_access_host_authority_or_escape[subprocess]" time="0.177" /><testcase classname="tests.vnext.test_runtime_sandbox" name="test_candidate_cannot_access_host_authority_or_escape[ffi]" time="0.177" /><testcase classname="tests.vnext.test_runtime_sandbox" name="test_candidate_cannot_access_host_authority_or_escape[static_import]" time="0.177" /><testcase classname="tests.vnext.test_runtime_sandbox" name="test_candidate_cannot_access_host_authority_or_escape[dynamic_import]" time="0.179" /><testcase classname="tests.vnext.test_runtime_sandbox" name="test_candidate_cannot_access_host_authority_or_escape[worker_import]" time="0.291" /><testcase classname="tests.vnext.test_runtime_sandbox" name="test_scoped_input_bytes_only_and_no_inherited_descriptors" time="0.176" /><testcase classname="tests.vnext.test_runtime_sandbox" name="test_candidate_resource_limits[function step(){while(true){}}-limits0-candidate failed]" time="1.150" /><testcase classname="tests.vnext.test_runtime_sandbox" name="test_candidate_resource_limits[async function step(){await new Promise(r=&gt;setTimeout(r,10000));}-limits1-wall limit]" time="0.334" /><testcase classname="tests.vnext.test_runtime_sandbox" name="test_candidate_resource_limits[function step(){while(true)console.log(&quot;x&quot;.repeat(8192));}-limits2-output limit]" time="0.168" /><testcase classname="tests.vnext.test_runtime_sandbox" name="test_candidate_resource_limits[function step(){let a=[]; while(true)a.push(new Array(100000).fill(&quot;x&quot;));}-limits3-candidate failed]" time="0.226" /><testcase classname="tests.vnext.test_runtime_sandbox" name="test_broken_candidate_suspends_and_operator_can_restore" time="0.259" /><testcase classname="tests.vnext.test_runtime_sandbox" name="test_candidate_cannot_return_an_authority_record" time="0.156" /><testcase classname="tests.vnext.test_runtime_sandbox" name="test_sandbox_reports_pinned_enforcement" time="0.125" /><testcase classname="tests.vnext.test_runtime_sandbox" name="test_production_os_confinement_floor" time="0.058"><skipped type="pytest.xfail" message="Production candidate floor needs usable Seatbelt/container/VM with hard whole-process memory and aggregate storage limits; this host denies sandbox_apply" /></testcase><testcase classname="tests.vnext.test_runtime_sandbox" name="test_rss_watchdog_includes_arraybuffers_outside_v8_heap" time="0.168" /><testcase classname="tests.vnext.test_runtime_sandbox" name="test_candidate_time_is_reserved_and_survives_restart" time="0.267" /><testcase classname="tests.vnext.test_runtime_sandbox" name="test_candidate_step_crash_boundaries[accepted]" time="0.247" /><testcase classname="tests.vnext.test_runtime_sandbox" name="test_candidate_step_crash_boundaries[authorized]" time="0.120" /><testcase classname="tests.vnext.test_runtime_sandbox" name="test_candidate_step_crash_boundaries[dispatch]" time="0.121" /><testcase classname="tests.vnext.test_runtime_sandbox" name="test_candidate_step_crash_boundaries[external_return]" time="0.218" /><testcase classname="tests.vnext.test_runtime_sandbox" name="test_candidate_step_crash_boundaries[return_recorded]" time="0.257" /><testcase classname="tests.vnext.test_runtime_sandbox" name="test_candidate_step_crash_boundaries[settled]" time="0.258" /><testcase classname="tests.vnext.test_runtime_sandbox" name="test_candidate_step_crash_boundaries[continuation]" time="0.259" /><testcase classname="tests.vnext.test_runtime_sandbox" name="test_model_result_is_retained_in_next_sandbox_command" time="0.371" /><testcase classname="tests.vnext.test_runtime_sandbox" name="test_resume_rejects_changed_sandbox_limits" time="0.092" /><testcase classname="tests.vnext.test_runtime_sandbox" name="test_supervisor_denies_protected_input_projection" time="0.072" /><testcase classname="tests.vnext.test_second_benchmark" name="test_second_benchmark_zero_core_diff_discovery_operations_scoring_recovery" time="0.793" /><testcase classname="tests.vnext.test_storage_verification" name="test_round_trip_publish_append_verify_and_replay" time="0.040" /><testcase classname="tests.vnext.test_storage_verification" name="test_required_artifact_missing_or_corrupted_stops_reads_and_appends[missing]" time="0.034" /><testcase classname="tests.vnext.test_storage_verification" name="test_required_artifact_missing_or_corrupted_stops_reads_and_appends[corrupt]" time="0.034" /><testcase classname="tests.vnext.test_storage_verification" name="test_tampered_record_hash_chain_rejected_even_with_valid_mac" time="0.015" /><testcase classname="tests.vnext.test_storage_verification" name="test_record_digest_and_commit_checksum_are_checked" time="0.009" /><testcase classname="tests.vnext.test_storage_verification" name="test_illegal_transition_fails_preflight_and_replay_without_mutating_state" time="0.025" /><testcase classname="tests.vnext.test_storage_verification" name="test_forged_producer_identity_and_wrong_owner_port_are_rejected" time="0.017" /><testcase classname="tests.vnext.test_storage_verification" name="test_producer_name_and_hash_are_not_authentication" time="0.010" /><testcase classname="tests.vnext.test_storage_verification" name="test_second_result_consumption_is_rejected" time="0.048" /><testcase classname="tests.vnext.test_storage_verification" name="test_second_writer_and_stale_epoch_are_rejected" time="0.011" /><testcase classname="tests.vnext.test_storage_verification" name="test_torn_final_frame_requires_explicit_recovery[1]" time="0.015" /><testcase classname="tests.vnext.test_storage_verification" name="test_torn_final_frame_requires_explicit_recovery[11]" time="0.015" /><testcase classname="tests.vnext.test_storage_verification" name="test_torn_final_frame_requires_explicit_recovery[12]" time="0.015" /><testcase classname="tests.vnext.test_storage_verification" name="test_torn_final_frame_requires_explicit_recovery[30]" time="0.015" /><testcase classname="tests.vnext.test_storage_verification" name="test_torn_final_frame_requires_explicit_recovery[-1]" time="0.015" /><testcase classname="tests.vnext.test_storage_verification" name="test_torn_final_frame_requires_explicit_recovery[-8]" time="0.015" /><testcase classname="tests.vnext.test_storage_verification" name="test_torn_final_frame_requires_explicit_recovery[-40]" time="0.016" /><testcase classname="tests.vnext.test_storage_verification" name="test_unknown_bounded_annotations_are_opaque_and_never_authority" time="0.013" /><testcase classname="tests.vnext.test_storage_verification" name="test_revision_continuity_and_controller_handover_boundary" time="0.021" /><testcase classname="tests.vnext.test_storage_verification" name="test_cas_content_deduplication_does_not_deduplicate_execution" time="0.039" /><testcase classname="tests.vnext.test_storage_verification" name="test_partial_usage_retains_unknown_obligation_through_consumption_and_late_receipt" time="0.029" /><testcase classname="tests.vnext.test_storage_verification" name="test_uncertain_outcome_keeps_reservations_and_cannot_be_consumed" time="0.019" /><testcase classname="tests.vnext.test_storage_verification" name="test_inconsistent_reservation_settlement_rejected[missing_component]" time="0.015" /><testcase classname="tests.vnext.test_storage_verification" name="test_inconsistent_reservation_settlement_rejected[double_count]" time="0.015" /><testcase classname="tests.vnext.test_storage_verification" name="test_inconsistent_reservation_settlement_rejected[erased_unknown]" time="0.015" /><testcase classname="tests.vnext.test_storage_verification" name="test_inconsistent_reservation_settlement_rejected[wrong_overrun]" time="0.015" /><testcase classname="tests.vnext.test_storage_verification" name="test_real_overrun_is_recorded_and_stops_new_dispatch" time="0.024" /><testcase classname="tests.vnext.test_storage_verification" name="test_harness_launch_and_upstream_forward_share_one_reservation" time="0.021" /><testcase classname="tests.vnext.test_storage_verification" name="test_publish_before_reference_and_commit_failure_leave_detectable_tail" time="0.013" /><testcase classname="tests.vnext.test_storage_verification" name="test_closed_codec_rejects_unknown_fields_boolean_integers_and_arbitrary_types" time="0.009" /><testcase classname="tests.vnext.test_storage_verification" name="test_old_artifact_roots_and_path_traversal_are_rejected" time="0.002" /><testcase classname="tests.vnext.test_storage_verification" name="test_envelope_and_causation_fail_closed[sequence]" time="0.015" /><testcase classname="tests.vnext.test_storage_verification" name="test_envelope_and_causation_fail_closed[future_parent]" time="0.017" /><testcase classname="tests.vnext.test_storage_verification" name="test_envelope_and_causation_fail_closed[epoch]" time="0.017" /><testcase classname="tests.vnext.test_storage_verification" name="test_envelope_and_causation_fail_closed[invocation]" time="0.016" /><testcase classname="tests.vnext.test_storage_verification" name="test_envelope_and_causation_fail_closed[class]" time="0.016" /><testcase classname="tests.vnext.test_storage_verification" name="test_committed_malformed_payload_is_not_treated_as_torn_tail" time="0.016" /><testcase classname="tests.vnext.test_storage_verification" name="test_new_epoch_rejects_stale_return_and_requires_reconciliation" time="0.023" /><testcase classname="tests.vnext.test_storage_verification" name="test_explicit_dispatch_return_settlement_uses_original_result_cursor" time="0.030" /><testcase classname="tests.vnext.test_storage_verification" name="test_committed_command_matches_authorization_and_is_not_lost" time="0.022" /><testcase classname="tests.vnext.test_storage_verification" name="test_committed_apply_change_activates_exact_bundle_and_private_state" time="0.019" /><testcase classname="tests.vnext.test_storage_verification" name="test_nested_pending_command_references_are_required" time="0.013" /><testcase classname="tests.vnext.test_storage_verification" name="test_measurement_requires_scorer_owner_and_bound_revisions" time="0.016" /><testcase classname="tests.vnext.test_storage_verification" name="test_late_accounting_cannot_rewind_environment" time="0.037" /><testcase classname="tests.vnext.test_storage_verification" name="test_payload_and_directory_fsync_precede_journal_commit" time="0.012" /><testcase classname="tests.vnext.test_storage_verification" name="test_cas_fsync_failure_never_commits_reference" time="0.011" /><testcase classname="tests.vnext.test_storage_verification" name="test_known_zero_usage_remains_known_when_another_component_settles_later" time="0.023" /><testcase classname="tests.vnext.test_storage_verification" name="test_close_cannot_release_lease_during_an_append" time="0.067" /><testcase classname="tests.vnext.test_tau2_live" name="test_live_tau2_action_comparator_equivalence" time="0.000"><skipped type="pytest.skip" message="tau2 not installed: isolated uv lock panicked in macOS system-configuration (Attempted to create a NULL object); shell DNS for raw.githubusercontent.com unavailable">/Users/nikhil/personal/hatch/strive/tests/vnext/test_tau2_live.py:17: tau2 not installed: isolated uv lock panicked in macOS system-configuration (Attempted to create a NULL object); shell DNS for raw.githubusercontent.com unavailable</skipped></testcase><testcase classname="tests.vnext.test_tau2_live" name="test_full_inventory_certification" time="0.000"><skipped type="pytest.skip" message="full telecom inventory unavailable: shell DNS failed for raw.githubusercontent.com; web reader rejected tasks.json as larger than 4MB; full-inventory certification outstanding">/Users/nikhil/personal/hatch/strive/tests/vnext/test_tau2_live.py:32: full telecom inventory unavailable: shell DNS failed for raw.githubusercontent.com; web reader rejected tasks.json as larger than 4MB; full-inventory certification outstanding</skipped></testcase><testcase classname="tests.vnext.test_tau2_live" name="test_live_tau2_initial_snapshot_and_deterministic_scorer" time="0.000"><skipped type="pytest.skip" message="full telecom inventory unavailable: shell DNS failed for raw.githubusercontent.com; web reader rejected tasks.json as larger than 4MB; full-inventory certification outstanding">/Users/nikhil/personal/hatch/strive/tests/vnext/test_tau2_live.py:43: full telecom inventory unavailable: shell DNS failed for raw.githubusercontent.com; web reader rejected tasks.json as larger than 4MB; full-inventory certification outstanding</skipped></testcase><testcase classname="tests.vnext.test_tau2_rpc" name="test_adapter_rpc_keeps_implementation_and_store_in_child" time="2.211" /><testcase classname="tests.vnext.test_telemetry" name="test_projector_outage_rebuild_and_no_double_count" time="10.091" /><testcase classname="tests.vnext.test_telemetry" name="test_langfuse_profile_preserves_otlp_and_journal" time="9.589" /><testcase classname="tests.vnext.test_telemetry" name="test_manifest_rejects_deferred_telemetry_profiles[langsmith]" time="0.001" /><testcase classname="tests.vnext.test_telemetry" name="test_manifest_rejects_deferred_telemetry_profiles[phoenix]" time="0.001" /><testcase classname="tests.vnext.test_telemetry" name="test_execution_does_not_import_projection_or_reporting" time="0.036" /><testcase classname="tests.vnext.test_telemetry" name="test_audit_http_alias_cannot_share_development_endpoint[None]" time="0.000" /><testcase classname="tests.vnext.test_telemetry" name="test_audit_http_alias_cannot_share_development_endpoint[https://shared.invalid/v1/traces]" time="0.000" /><testcase classname="tests.vnext.test_user_model" name="test_structured_calls_are_data_and_text_profiles_remain_closed" time="0.090" /><testcase classname="tests.vnext.test_user_model" name="test_direct_user_gateway_recovery_no_repeat[response-spooled-False-True]" time="0.110" /><testcase classname="tests.vnext.test_user_model" name="test_direct_user_gateway_recovery_no_repeat[upstream-return-before-spool-False-False]" time="0.099" /><testcase classname="tests.vnext.test_user_model" name="test_direct_user_gateway_recovery_no_repeat[upstream-return-before-spool-True-True]" time="0.106" /><testcase classname="tests.vnext.test_user_model" name="test_user_proposal_bounds_and_hosted_tool_rejection" time="0.016" /><testcase classname="tests.vnext.test_verifier_only" name="test_fresh_interpreter_verifier_is_read_only_and_candidate_free" time="0.096" /><testcase classname="tests.vnext.test_workflow" name="test_run_resolves_displays_before_dispatch_and_rejects_id_reuse" time="9.346" /><testcase classname="tests.vnext.test_workflow" name="test_resume_preserves_spending_and_retained_config" time="10.529" /><testcase classname="tests.vnext.test_workflow" name="test_compare_matched_descriptive_and_no_dispatch" time="17.627" /><testcase classname="tests.vnext.test_workflow" name="test_experiment_stable_mapping_restart_and_separate_allocations" time="35.390" /><testcase classname="tests.vnext.test_workflow" name="test_reporting_full_denominators_labels_and_trusted_only" time="3.066" /><testcase classname="tests.vnext.test_workflow" name="test_status_follow_read_only_and_exact_model_inputs" time="9.851" /><testcase classname="tests.vnext.test_workflow" name="test_cli_commands_use_real_runner" time="10.460" /><testcase classname="tests.vnext.test_workflow" name="test_resolver_refuses_scientific_provider_conflicts[provider-openai]" time="0.386" /><testcase classname="tests.vnext.test_workflow" name="test_resolver_refuses_scientific_provider_conflicts[model-latest]" time="0.364" /><testcase classname="tests.vnext.test_workflow" name="test_resolver_refuses_scientific_provider_conflicts[request_options-builtin:prices]" time="0.363" /><testcase classname="tests.vnext.test_workflow" name="test_m7_history_replays_in_fresh_pure_interpreter" time="9.761" /><testcase classname="tests.vnext.test_workflow" name="test_declared_runs_with_incomplete_setup_remain_in_report[directory]" time="0.452" /><testcase classname="tests.vnext.test_workflow" name="test_declared_runs_with_incomplete_setup_remain_in_report[authority-before-binding]" time="0.845" /><testcase classname="tests.vnext.test_workflow" name="test_missing_usage_is_unknown_not_zero" time="9.783" /><testcase classname="tests.vnext.test_workflow" name="test_changed_actor_bytes_cannot_hide_behind_allowed_policy_change" time="0.873" /><testcase classname="tests.vnext.test_workflow" name="test_policy_package_cannot_smuggle_actor_components" time="0.362" /><testcase classname="tests.vnext.test_workflow" name="test_cli_routing_does_not_treat_root_as_command" time="0.000" /><testcase classname="tests.vnext.test_workflow" name="test_stopped_budget_work_keeps_unresolved_coverage" time="0.616" /></testsuite></testsuites>